0	0	0.346518	15.8973	0	0	15.8973	0	Llegada
15.8973	1	0.466869	11.4256	0.440609	10.6548	27.3229	26.5521	Salida
26.5521	0	0	0	0	0	27.3229	0	Llegada
27.3229	1	0.0989256	34.7008	0.312143	15.1358	62.0237	42.4587	Salida
42.4587	0	0	0	0	0	62.0237	0	Llegada
62.0237	1	0.547124	9.04619	0.988096	0.15568	71.0699	62.1794	Salida
62.1794	0	0	0	0	0	71.0699	0	Llegada
71.0699	1	0.72617	4.79958	0.974546	0.335181	75.8695	71.4051	Salida
71.4051	0	0	0	0	0	75.8695	0	Llegada
75.8695	1	0.124049	31.3062	0.835085	2.34288	107.176	78.2124	Salida
78.2124	0	0	0	0	0	107.176	0	Llegada
107.176	1	0.795241	3.43664	0.919335	1.09336	110.612	108.269	Salida
108.269	0	0	0	0	0	110.612	0	Llegada
110.612	1	0.625642	7.03465	0.576243	7.16595	117.647	117.778	Llegada
117.647	2	0.338413	16.2523	0.333331	14.2821	133.899	117.778	Salida
117.778	1	0	0	0	0	133.899	131.929	Salida
131.929	0	0	0	0	0	133.899	0	Llegada
133.899	1	0.300116	18.0538	0.344889	13.8389	151.953	147.738	Salida
147.738	0	0	0	0	0	151.953	0	Llegada
151.953	1	0.49057	10.6828	0.579519	7.09225	162.636	159.045	Salida
159.045	0	0	0	0	0	162.636	0	Llegada
162.636	1	0.0339425	50.7463	0.568524	7.34124	213.382	169.977	Salida
169.977	0	0	0	0	0	213.382	0	Llegada
213.382	1	0.644493	6.58938	0.194242	21.3024	219.972	234.685	Llegada
219.972	2	0.589092	7.9376	0.156346	24.1239	227.909	234.685	Llegada
227.909	3	0.909693	1.41973	0.883518	1.60997	229.329	229.519	Llegada
229.329	4	0.98886	0.168039	0.942552	0.769134	229.497	229.519	Llegada
229.497	5	0.230036	22.0428	0	0	251.54	229.519	Salida
229.519	4	0	0	0.455729	10.2161	251.54	230.098	Salida
230.098	3	0	0	0	0	251.54	234.685	Salida
234.685	2	0	0	0	0	251.54	239.735	Salida
239.735	1	0	0	0	0	251.54	244.095	Salida
244.095	0	0	0	0	0	251.54	0	Llegada
251.54	1	0.383161	14.3895	0.328962	14.4536	265.929	265.993	Llegada
265.929	2	0.767872	3.96199	0.930285	0.939442	269.891	265.993	Salida
265.993	1	0	0	0	0	269.891	266.869	Salida
266.869	0	0	0	0	0	269.891	0	Llegada
269.891	1	0.317058	17.2301	0.494041	9.16677	287.121	279.058	Salida
279.058	0	0	0	0	0	287.121	0	Llegada
287.121	1	0.904831	1.50011	0.441107	10.6401	288.621	297.761	Llegada
288.621	2	0.329127	16.6697	0.700072	4.63543	305.291	293.257	Salida
293.257	1	0	0	0	0	305.291	297.761	Salida
297.761	0	0	0	0	0	305.291	0	Llegada
305.291	1	0.360442	15.3064	0.954769	0.601714	320.597	305.893	Salida
305.893	0	0	0	0	0	320.597	0	Llegada
320.597	1	0.276315	19.2932	0.698856	4.65804	339.891	325.255	Salida
325.255	0	0	0	0	0	339.891	0	Llegada
339.891	1	0.2881	18.6667	0.57643	7.16171	358.557	347.052	Salida
347.052	0	0	0	0	0	358.557	0	Llegada
358.557	1	0.043745	46.9407	0.77867	3.25219	405.498	361.81	Salida
361.81	0	0	0	0	0	405.498	0	Llegada
405.498	1	0.155949	27.8734	0.0776876	33.2158	433.371	438.714	Llegada
433.371	2	0.347194	15.8681	0.800442	2.89369	449.239	436.265	Salida
436.265	1	0	0	0	0	449.239	438.714	Salida
438.714	0	0	0	0	0	449.239	0	Llegada
449.239	1	0.27193	19.5332	0.936286	0.855845	468.773	450.095	Salida
450.095	0	0	0	0	0	468.773	0	Llegada
468.773	1	0.956788	0.662605	0.181622	22.1757	469.435	490.948	Llegada
469.435	2	0.819804	2.98035	0.945648	0.726508	472.416	470.162	Salida
470.162	1	0	0	0	0	472.416	490.948	Llegada
472.416	2	0.124174	31.291	0.0498405	38.986	503.707	490.948	Salida
490.948	1	0	0	0	0	503.707	511.402	Llegada
503.707	2	0.401376	13.6928	0.507335	8.8216	517.399	511.402	Salida
511.402	1	0	0	0	0	517.399	512.528	Salida
512.528	0	0	0	0	0	517.399	0	Llegada
517.399	1	0.378803	14.5611	0.169248	23.093	531.961	540.493	Llegada
531.961	2	0.437619	12.3961	0.695861	4.71388	544.357	536.674	Salida
536.674	1	0	0	0	0	544.357	540.493	Salida
540.493	0	0	0	0	0	544.357	0	Llegada
544.357	1	0.66329	6.15815	0.34245	13.9312	550.515	558.288	Llegada
550.515	2	0.136967	29.8202	0.992417	0.0989589	580.335	550.614	Salida
550.614	1	0	0	0	0	580.335	558.288	Salida
558.288	0	0	0	0	0	580.335	0	Llegada
580.335	1	0.0425226	47.3658	0.49741	9.07844	627.701	589.413	Salida
589.413	0	0	0	0	0	627.701	0	Llegada
627.701	1	0.947186	0.8139	0.318837	14.86	628.515	642.561	Llegada
628.515	2	0.196265	24.4243	0.235285	18.8104	652.939	642.561	Salida
642.561	1	0	0	0	0	652.939	647.325	Salida
647.325	0	0	0	0	0	652.939	0	Llegada
652.939	1	0.895268	1.65948	0.24001	18.5519	654.598	671.491	Llegada
654.598	2	0.0139553	64.0785	0.051217	38.6319	718.677	671.491	Salida
671.491	1	0	0	0	0	718.677	693.23	Salida
693.23	0	0	0	0	0	718.677	0	Llegada
718.677	1	0.317698	17.1998	0.36115	13.24	735.877	731.917	Salida
731.917	0	0	0	0	0	735.877	0	Llegada
735.877	1	0.851659	2.40854	0.589628	6.86743	738.285	742.744	Llegada
738.285	2	0.297436	18.1884	0.808446	2.76433	756.474	741.05	Salida
741.05	1	0	0	0	0	756.474	742.744	Salida
742.744	0	0	0	0	0	756.474	0	Llegada
756.474	1	0.77125	3.89614	0.11724	27.8659	760.37	784.34	Llegada
760.37	2	0.754094	4.23357	0.895424	1.43595	764.603	761.806	Salida
761.806	1	0	0	0	0	764.603	784.34	Llegada
764.603	2	0.16708	26.8392	0.15547	24.1969	791.443	784.34	Salida
784.34	1	0	0	0	0	791.443	788.8	Salida
788.8	0	0	0	0	0	791.443	0	Llegada
791.443	1	0.402759	13.6413	0.545883	7.86956	805.084	799.312	Salida
799.312	0	0	0	0	0	805.084	0	Llegada
805.084	1	0.324719	16.8719	0.840378	2.26074	821.956	807.345	Salida
807.345	0	0	0	0	0	821.956	0	Llegada
821.956	1	0.241743	21.2982	0.988009	0.156831	843.254	822.113	Salida
822.113	0	0	0	0	0	843.254	0	Llegada
843.254	1	0.182828	25.4881	0.378711	12.6228	868.742	855.877	Salida
855.877	0	0	0	0	0	868.742	0	Llegada
868.742	1	0.980425	0.296533	0.225351	19.3712	869.039	888.113	Llegada
869.039	2	0.876121	1.98377	0.927611	0.976856	871.022	870.015	Salida
870.015	1	0	0	0	0	871.022	888.113	Llegada
871.022	2	0.544188	9.1269	0.0723859	34.1347	880.149	888.113	Llegada
880.149	3	0.162896	27.2196	0.439456	10.6888	907.369	888.113	Salida
888.113	2	0	0	0	0	907.369	890.838	Salida
890.838	1	0	0	0	0	907.369	905.157	Salida
905.157	0	0	0	0	0	907.369	0	Llegada
907.369	1	0.312396	17.4522	0.176852	22.5218	924.821	929.891	Llegada
924.821	2	0.490673	10.6796	0.630094	6.00452	935.501	929.891	Salida
929.891	1	0	0	0	0	935.501	930.826	Salida
930.826	0	0	0	0	0	935.501	0	Llegada
935.501	1	0.538001	9.29841	0.342332	13.9357	944.799	949.436	Llegada
944.799	2	0.219722	22.7309	0.835437	2.33741	967.53	947.137	Salida
947.137	1	0	0	0	0	967.53	949.436	Salida
949.436	0	0	0	0	0	967.53	0	Llegada
967.53	1	0.150778	28.3792	0.990972	0.1179	995.909	967.648	Salida
967.648	0	0	0	0	0	995.909	0	Llegada
995.909	1	0.952677	0.727196	0.904872	1.2995	996.636	997.209	Llegada
996.636	2	0.886396	1.80888	0.119757	27.5898	998.445	997.209	Salida
997.209	1	0	0	0	0	998.445	1024.23	Llegada
998.445	2	0.0603427	42.1157	0.289155	16.1303	1040.56	1014.58	Salida
1014.58	1	0	0	0	0	1040.56	1024.23	Salida
1024.23	0	0	0	0	0	1040.56	0	Llegada
1040.56	1	0.66564	6.1051	0.385061	12.4066	1046.67	1052.97	Llegada
1046.67	2	0.129533	30.6573	0.907383	1.26348	1077.32	1047.93	Salida
1047.93	1	0	0	0	0	1077.32	1052.97	Salida
1052.97	0	0	0	0	0	1077.32	0	Llegada
1077.32	1	0.37307	14.7898	0.312361	15.1267	1092.11	1092.45	Llegada
1092.11	2	0.286094	18.7715	0.353495	13.5185	1110.88	1092.45	Salida
1092.45	1	0	0	0	0	1110.88	1105.63	Salida
1105.63	0	0	0	0	0	1110.88	0	Llegada
1110.88	1	0.537712	9.30648	0.162214	23.6449	1120.19	1134.53	Llegada
1120.19	2	0.281106	19.0353	0.0819006	32.5292	1139.23	1134.53	Salida
1134.53	1	0	0	0	0	1139.23	1152.72	Llegada
1139.23	2	0.2346	21.7481	0.444003	10.555	1160.97	1149.78	Salida
1149.78	1	0	0	0	0	1160.97	1152.72	Salida
1152.72	0	0	0	0	0	1160.97	0	Llegada
1160.97	1	0.521357	9.7698	0.546996	7.84307	1170.74	1168.82	Salida
1168.82	0	0	0	0	0	1170.74	0	Llegada
1170.74	1	0.620855	7.14988	0.0120304	57.4641	1177.89	1228.21	Llegada
1177.89	2	0.177091	25.9664	0.158856	23.9169	1203.86	1201.81	Salida
1201.81	1	0	0	0	0	1203.86	1228.21	Llegada
1203.86	2	0.354362	15.5615	0.396813	12.0158	1219.42	1215.88	Salida
1215.88	1	0	0	0	0	1219.42	1228.21	Llegada
1219.42	2	0.994293	0.0858533	0.505141	8.87794	1219.51	1228.21	Llegada
1219.51	3	0.387784	14.2096	0.946969	0.70835	1233.72	1220.22	Salida
1220.22	2	0	0	0	0	1233.72	1228.21	Salida
1228.21	1	0	0	0	0	1233.72	1228.3	Salida
1228.3	0	0	0	0	0	1233.72	0	Llegada
1233.72	1	0.410013	13.3735	0.27418	16.8216	1247.09	1250.54	Llegada
1247.09	2	0.0667263	40.6073	0.470356	9.80546	1287.7	1250.54	Salida
1250.54	1	0	0	0	0	1287.7	1256.9	Salida
1256.9	0	0	0	0	0	1287.7	0	Llegada
1287.7	1	0.563335	8.60822	0.732366	4.04917	1296.31	1291.75	Salida
1291.75	0	0	0	0	0	1296.31	0	Llegada
1296.31	1	0.855417	2.34249	0.692868	4.76991	1298.65	1301.08	Llegada
1298.65	2	0.639749	6.70019	0.228487	19.1916	1305.35	1301.08	Salida
1301.08	1	0	0	0	0	1305.35	1317.84	Llegada
1305.35	2	0.00522868	78.8039	0.925843	1.00166	1384.15	1306.35	Salida
1306.35	1	0	0	0	0	1384.15	1317.84	Salida
1317.84	0	0	0	0	0	1384.15	0	Llegada
1384.15	1	0.581982	8.11973	0.542941	7.93981	1392.27	1392.09	Salida
1392.09	0	0	0	0	0	1392.27	0	Llegada
1392.27	1	0.0880572	36.4465	0.863089	1.91409	1428.72	1394.19	Salida
1394.19	0	0	0	0	0	1428.72	0	Llegada
1428.72	1	0.624841	7.05386	0.322657	14.7051	1435.77	1443.42	Llegada
1435.77	2	0.307092	17.7091	0.146198	24.9963	1453.48	1443.42	Salida
1443.42	1	0	0	0	0	1453.48	1460.77	Llegada
1453.48	2	0.869654	2.0949	0.927946	0.97216	1455.58	1454.45	Salida
1454.45	1	0	0	0	0	1455.58	1460.77	Llegada
1455.58	2	0.158229	27.6557	0.0467446	39.8197	1483.23	1460.77	Salida
1460.77	1	0	0	0	0	1483.23	1495.4	Llegada
1483.23	2	0.086802	36.6619	0.512591	8.68759	1519.9	1491.92	Salida
1491.92	1	0	0	0	0	1519.9	1495.4	Salida
1495.4	0	0	0	0	0	1519.9	0	Llegada
1519.9	1	0.443557	12.1939	0.0810948	32.6578	1532.09	1552.55	Llegada
1532.09	2	0.017732	60.4858	0.831342	2.40129	1592.57	1534.49	Salida
1534.49	1	0	0	0	0	1592.57	1552.55	Salida
1552.55	0	0	0	0	0	1592.57	0	Llegada
1592.57	1	0.0280642	53.5989	0.427745	11.04	1646.17	1603.61	Salida
1603.61	0	0	0	0	0	1646.17	0	Llegada
1646.17	1	0.105522	33.7326	0.0947905	30.6291	1679.91	1676.8	Salida
1676.8	0	0	0	0	0	1679.91	0	Llegada
1679.91	1	0.898101	1.6121	0.668857	5.22841	1681.52	1685.13	Llegada
1681.52	2	0.827157	2.84642	0.753518	3.67904	1684.36	1685.13	Llegada
1684.36	3	0.361724	15.2531	0.466906	9.90117	1699.62	1685.13	Salida
1685.13	2	0	0	0	0	1699.62	1685.2	Salida
1685.2	1	0	0	0	0	1699.62	1694.27	Salida
1694.27	0	0	0	0	0	1699.62	0	Llegada
1699.62	1	0.982005	0.272386	0.366953	13.0328	1699.89	1712.65	Llegada
1699.89	2	0.392748	14.0188	0.563987	7.44541	1713.91	1707.34	Salida
1707.34	1	0	0	0	0	1713.91	1712.65	Salida
1712.65	0	0	0	0	0	1713.91	0	Llegada
1713.91	1	0.909894	1.41642	0.480806	9.5198	1715.33	1723.43	Llegada
1715.33	2	0.427076	12.7619	0.534735	8.13779	1728.09	1723.43	Salida
1723.43	1	0	0	0	0	1728.09	1723.46	Salida
1723.46	0	0	0	0	0	1728.09	0	Llegada
1728.09	1	0.803463	3.28236	0.734168	4.01723	1731.37	1732.1	Llegada
1731.37	2	0.680933	5.76436	0.673117	5.14587	1737.13	1732.1	Salida
1732.1	1	0	0	0	0	1737.13	1736.52	Salida
1736.52	0	0	0	0	0	1737.13	0	Llegada
1737.13	1	0.662114	6.18477	0.839162	2.27957	1743.32	1739.41	Salida
1739.41	0	0	0	0	0	1743.32	0	Llegada
1743.32	1	0.719861	4.93045	0.748916	3.75868	1748.25	1747.08	Salida
1747.08	0	0	0	0	0	1748.25	0	Llegada
1748.25	1	0.351754	15.6724	0.163419	23.5487	1763.92	1771.8	Llegada
1763.92	2	0.83001	2.79475	0.369486	12.9434	1766.72	1771.8	Llegada
1766.72	3	0.99476	0.0788043	0.858075	1.98983	1766.8	1768.71	Llegada
1766.8	4	0.797231	3.39917	0.100282	29.897	1770.19	1768.71	Salida
1768.71	3	0	0	0	0	1770.19	1771.8	Llegada
1770.19	4	0.952865	0.724227	0.695331	4.72377	1770.92	1771.8	Llegada
1770.92	5	0.769138	3.93727	0	0	1774.86	1771.8	Salida
1771.8	4	0	0	0.780022	3.22963	1774.86	1774.92	Llegada
1774.86	5	0.448849	12.016	0	0	1786.87	1774.92	Salida
1774.92	4	0	0	0.130862	26.4369	1786.87	1775.03	Salida
1775.03	3	0	0	0	0	1786.87	1776.87	Salida
1776.87	2	0	0	0	0	1786.87	1796.69	Llegada
1786.87	3	0.246927	20.9799	0.430854	10.9458	1807.85	1796.69	Salida
1796.69	2	0	0	0	0	1807.85	1797.82	Salida
1797.82	1	0	0	0	0	1807.85	1801.36	Salida
1801.36	0	0	0	0	0	1807.85	0	Llegada
1807.85	1	0.497815	10.4629	0.639676	5.80832	1818.31	1813.66	Salida
1813.66	0	0	0	0	0	1818.31	0	Llegada
1818.31	1	0.994841	0.0775865	0.407709	11.6636	1818.39	1829.98	Llegada
1818.39	2	0.120481	31.7439	0.421917	11.2183	1850.14	1829.61	Salida
1829.61	1	0	0	0	0	1850.14	1829.98	Salida
1829.98	0	0	0	0	0	1850.14	0	Llegada
1850.14	1	0.942444	0.889189	0.923944	1.02835	1851.03	1851.16	Llegada
1851.03	2	0.156084	27.8604	0.623377	6.14385	1878.89	1851.16	Salida
1851.16	1	0	0	0	0	1878.89	1857.17	Salida
1857.17	0	0	0	0	0	1878.89	0	Llegada
1878.89	1	0.597061	7.73604	0.818198	2.60846	1886.62	1881.49	Salida
1881.49	0	0	0	0	0	1886.62	0	Llegada
1886.62	1	0.462539	11.5654	0.316922	14.9383	1898.19	1901.56	Llegada
1898.19	2	0.567114	8.50793	0.814293	2.67066	1906.7	1900.86	Salida
1900.86	1	0	0	0	0	1906.7	1901.56	Salida
1901.56	0	0	0	0	0	1906.7	0	Llegada
1906.7	1	0.480341	10.9989	0.397124	12.0056	1917.69	1918.7	Llegada
1917.69	2	0.183778	25.4104	0.475101	9.67496	1943.1	1918.7	Salida
1918.7	1	0	0	0	0	1943.1	1927.37	Salida
1927.37	0	0	0	0	0	1943.1	0	Llegada
1943.1	1	0.255199	20.4857	0.981009	0.249257	1963.59	1943.35	Salida
1943.35	0	0	0	0	0	1963.59	0	Llegada
1963.59	1	0.575383	8.29079	0.208064	20.4088	1971.88	1984	Llegada
1971.88	2	0.67634	5.86589	0.344521	13.8528	1977.75	1984	Llegada
1977.75	3	0.988086	0.179782	0.125189	27.0131	1977.93	1984	Llegada
1977.93	4	0.475384	11.1545	0.235013	18.8255	1989.08	1984	Salida
1984	3	0	0	0	0	1989.08	1985.73	Salida
1985.73	2	0	0	0	0	1989.08	1996.75	Llegada
1989.08	3	0.556043	8.80365	0.973199	0.353168	1997.88	1989.43	Salida
1989.43	2	0	0	0	0	1997.88	1996.75	Salida
1996.75	1	0	0	0	0	1997.88	2004.76	Llegada
1997.88	2	0.874689	2.0083	0.550884	7.75101	1999.89	2004.76	Llegada
1999.89	3	0.380908	14.478	0.995171	0.0629352	2014.37	1999.96	Salida
1999.96	2	0	0	0	0	2014.37	2004.76	Salida
2004.76	1	0	0	0	0	2014.37	2005.64	Salida
2005.64	0	0	0	0	0	2014.37	0	Llegada
2014.37	1	0.972801	0.413642	0.323351	14.6772	2014.78	2029.05	Llegada
2014.78	2	0.919115	1.26516	0.128885	26.6349	2016.05	2029.05	Llegada
2016.05	3	0.946728	0.82115	0.516176	8.597	2016.87	2024.65	Llegada
2016.87	4	0.947083	0.815527	0.409267	11.614	2017.69	2024.65	Llegada
2017.69	5	0.833098	2.73905	0	0	2020.43	2024.65	Llegada
2020.43	6	0.514197	9.97724	0	0	2030.4	2024.65	Salida
2024.65	5	0	0	0.22356	19.475	2030.4	2024.65	Salida
2024.65	4	0	0	0.313439	15.0819	2030.4	2028.49	Salida
2028.49	3	0	0	0	0	2030.4	2029.05	Salida
2029.05	2	0	0	0	0	2030.4	2039.73	Llegada
2030.4	3	0.911321	1.3929	0.407339	11.6754	2031.8	2039.73	Llegada
2031.8	4	0.788541	3.56357	0.16652	23.3043	2035.36	2039.73	Llegada
2035.36	5	0.388348	14.1878	0	0	2049.55	2039.73	Salida
2039.73	4	0	0	0.363924	13.1405	2049.55	2041.42	Salida
2041.42	3	0	0	0	0	2049.55	2042.08	Salida
2042.08	2	0	0	0	0	2049.55	2052.87	Llegada
2049.55	3	0.374584	14.7291	0.064688	35.5963	2064.28	2052.87	Salida
2052.87	2	0	0	0	0	2064.28	2055.1	Salida
2055.1	1	0	0	0	0	2064.28	2085.14	Llegada
2064.28	2	0.708445	5.17024	0.36267	13.1854	2069.45	2077.46	Llegada
2069.45	3	0.189877	24.9207	0.183829	22.0187	2094.37	2077.46	Salida
2077.46	2	0	0	0	0	2094.37	2085.14	Salida
2085.14	1	0	0	0	0	2094.37	2091.47	Salida
2091.47	0	0	0	0	0	2094.37	0	Llegada
2094.37	1	0.597684	7.72041	0.74592	3.81078	2102.09	2098.18	Salida
2098.18	0	0	0	0	0	2102.09	0	Llegada
2102.09	1	0.157028	27.77	0.472373	9.74983	2129.86	2111.84	Salida
2111.84	0	0	0	0	0	2129.86	0	Llegada
2129.86	1	0.296804	18.2203	0.537935	8.06022	2148.08	2137.92	Salida
2137.92	0	0	0	0	0	2148.08	0	Llegada
2148.08	1	0.467543	11.4039	0.269604	17.0404	2159.48	2165.12	Llegada
2159.48	2	0.861287	2.23992	0.386658	12.3528	2161.72	2165.12	Llegada
2161.72	3	0.398489	13.8011	0.808015	2.77127	2175.52	2164.49	Salida
2164.49	2	0	0	0	0	2175.52	2165.12	Salida
2165.12	1	0	0	0	0	2175.52	2171.83	Salida
2171.83	0	0	0	0	0	2175.52	0	Llegada
2175.52	1	0.902834	1.53325	0.345572	13.8132	2177.06	2189.34	Llegada
2177.06	2	0.217282	22.8984	0.735932	3.98602	2199.95	2181.04	Salida
2181.04	1	0	0	0	0	2199.95	2189.34	Salida
2189.34	0	0	0	0	0	2199.95	0	Llegada
2199.95	1	0.859769	2.26637	0.440843	10.6479	2202.22	2210.6	Llegada
2202.22	2	0.0493717	45.1257	0.77109	3.37935	2247.35	2205.6	Salida
2205.6	1	0	0	0	0	2247.35	2210.6	Salida
2210.6	0	0	0	0	0	2247.35	0	Llegada
2247.35	1	0.848181	2.46991	0.837912	2.29894	2249.82	2249.65	Salida
2249.65	0	0	0	0	0	2249.82	0	Llegada
2249.82	1	0.93761	0.96632	0.236529	18.7419	2250.78	2268.56	Llegada
2250.78	2	0.201836	24.0045	0.312194	15.1337	2274.79	2265.92	Salida
2265.92	1	0	0	0	0	2274.79	2268.56	Salida
2268.56	0	0	0	0	0	2274.79	0	Llegada
2274.79	1	0.301217	17.9988	0.910281	1.22202	2292.79	2276.01	Salida
2276.01	0	0	0	0	0	2292.79	0	Llegada
2292.79	1	0.674864	5.89866	0.491094	9.24455	2298.68	2302.03	Llegada
2298.68	2	0.0941101	35.4493	0.272548	16.8992	2334.13	2302.03	Salida
2302.03	1	0	0	0	0	2334.13	2315.58	Salida
2315.58	0	0	0	0	0	2334.13	0	Llegada
2334.13	1	0.237014	21.5945	0.251138	17.9628	2355.73	2352.1	Salida
2352.1	0	0	0	0	0	2355.73	0	Llegada
2355.73	1	0.744921	4.41716	0.533818	8.16011	2360.15	2363.89	Llegada
2360.15	2	0.789074	3.55344	0.212464	20.1368	2363.7	2363.89	Llegada
2363.7	3	0.803422	3.28313	0.65036	5.59298	2366.98	2363.89	Salida
2363.89	2	0	0	0	0	2366.98	2369.29	Llegada
2366.98	3	0.599122	7.68435	0.201911	20.7991	2374.67	2369.29	Salida
2369.29	2	0	0	0	0	2374.67	2380.28	Llegada
2374.67	3	0.458375	11.701	0.501956	8.96015	2386.37	2380.28	Salida
2380.28	2	0	0	0	0	2386.37	2383.63	Salida
2383.63	1	0	0	0	0	2386.37	2387.78	Llegada
2386.37	2	0.547483	9.03636	0.675657	5.0969	2395.4	2387.78	Salida
2387.78	1	0	0	0	0	2395.4	2391.46	Salida
2391.46	0	0	0	0	0	2395.4	0	Llegada
2395.4	1	0.237888	21.5393	0.407252	11.6782	2416.94	2407.08	Salida
2407.08	0	0	0	0	0	2416.94	0	Llegada
2416.94	1	0.1165	32.248	0.28726	16.2158	2449.19	2433.16	Salida
2433.16	0	0	0	0	0	2449.19	0	Llegada
2449.19	1	0.178342	25.8608	0.964681	0.467448	2475.05	2449.66	Salida
2449.66	0	0	0	0	0	2475.05	0	Llegada
2475.05	1	0.125172	31.171	0.115952	28.0096	2506.22	2503.06	Salida
2503.06	0	0	0	0	0	2506.22	0	Llegada
2506.22	1	0.201211	24.051	0.327008	14.531	2530.27	2520.75	Salida
2520.75	0	0	0	0	0	2530.27	0	Llegada
2530.27	1	0.428146	12.7244	0.502428	8.94794	2543	2539.22	Salida
2539.22	0	0	0	0	0	2543	0	Llegada
2543	1	0.237289	21.5771	0.10301	29.5481	2564.58	2572.55	Llegada
2564.58	2	0.993522	0.0974809	0.3314	14.3576	2564.67	2572.55	Llegada
2564.67	3	0.375558	14.6901	0.230537	19.0755	2579.36	2572.55	Salida
2572.55	2	0	0	0	0	2579.36	2578.93	Salida
2578.93	1	0	0	0	0	2579.36	2583.75	Llegada
2579.36	2	0.582538	8.10542	0.120478	27.5117	2587.47	2583.75	Salida
2583.75	1	0	0	0	0	2587.47	2606.87	Llegada
2587.47	2	0.764354	4.03086	0.371611	12.8688	2591.5	2600.34	Llegada
2591.5	3	0.332942	16.4968	0.567776	7.35837	2608	2598.86	Salida
2598.86	2	0	0	0	0	2608	2600.34	Salida
2600.34	1	0	0	0	0	2608	2606.87	Salida
2606.87	0	0	0	0	0	2608	0	Llegada
2608	1	0.0219715	57.2701	0.932065	0.914591	2665.27	2608.91	Salida
2608.91	0	0	0	0	0	2665.27	0	Llegada
2665.27	1	0.769687	3.92657	0.480347	9.53222	2669.19	2674.8	Llegada
2669.19	2	0.434021	12.5199	0.31717	14.9281	2681.71	2674.8	Salida
2674.8	1	0	0	0	0	2681.71	2684.12	Llegada
2681.71	2	0.156004	27.8681	0.671909	5.16922	2709.58	2684.12	Salida
2684.12	1	0	0	0	0	2709.58	2686.88	Salida
2686.88	0	0	0	0	0	2709.58	0	Llegada
2709.58	1	0.724422	4.83572	0.272504	16.9013	2714.42	2726.48	Llegada
2714.42	2	0.959169	0.625314	0.902763	1.32983	2715.04	2715.75	Llegada
2715.04	3	0.237185	21.5837	0.0843418	32.1474	2736.63	2715.75	Salida
2715.75	2	0	0	0	0	2736.63	2726.48	Salida
2726.48	1	0	0	0	0	2736.63	2747.19	Llegada
2736.63	2	0.0187151	59.6764	0.438395	10.7202	2796.3	2747.19	Salida
2747.19	1	0	0	0	0	2796.3	2747.35	Salida
2747.35	0	0	0	0	0	2796.3	0	Llegada
2796.3	1	0.41135	13.3247	0.446861	10.4716	2809.63	2806.77	Salida
2806.77	0	0	0	0	0	2809.63	0	Llegada
2809.63	1	0.940823	0.914998	0.64864	5.62742	2810.54	2815.25	Llegada
2810.54	2	0.549871	8.97108	0.934346	0.882814	2819.51	2811.42	Salida
2811.42	1	0	0	0	0	2819.51	2815.25	Salida
2815.25	0	0	0	0	0	2819.51	0	Llegada
2819.51	1	0.980039	0.302442	0.925428	1.00748	2819.82	2820.52	Llegada
2819.82	2	0.164882	27.0379	0.562577	7.47796	2846.85	2820.52	Salida
2820.52	1	0	0	0	0	2846.85	2827.29	Salida
2827.29	0	0	0	0	0	2846.85	0	Llegada
2846.85	1	0.0459067	46.2172	0.929237	0.954095	2893.07	2847.81	Salida
2847.81	0	0	0	0	0	2893.07	0	Llegada
2893.07	1	0.934188	1.02116	0.378849	12.618	2894.09	2905.69	Llegada
2894.09	2	0.497013	10.4871	0.95616	0.582797	2904.58	2894.67	Salida
2894.67	1	0	0	0	0	2904.58	2905.69	Llegada
2904.58	2	0.310914	17.5236	0.2667	17.1812	2922.1	2905.69	Salida
2905.69	1	0	0	0	0	2922.1	2921.76	Salida
2921.76	0	0	0	0	0	2922.1	0	Llegada
2922.1	1	0.436506	12.4343	0.744934	3.82797	2934.54	2925.93	Salida
2925.93	0	0	0	0	0	2934.54	0	Llegada
2934.54	1	0.583869	8.07117	0.59251	6.80404	2942.61	2941.34	Salida
2941.34	0	0	0	0	0	2942.61	0	Llegada
2942.61	1	0.416844	13.1257	0.308291	15.2972	2955.73	2957.9	Llegada
2955.73	2	0.865013	2.17515	0.376013	12.7157	2957.91	2957.9	Salida
2957.9	1	0	0	0	0	2957.91	2968.45	Llegada
2957.91	2	0.211055	23.3346	0.102198	29.6509	2981.24	2968.45	Salida
2968.45	1	0	0	0	0	2981.24	2987.56	Llegada
2981.24	2	0.460355	11.6364	0.22977	19.1188	2992.88	2987.56	Salida
2987.56	1	0	0	0	0	2992.88	3000.36	Llegada
2992.88	2	0.540594	9.22631	0.871705	1.78495	3002.11	2994.66	Salida
2994.66	1	0	0	0	0	3002.11	3000.36	Salida
3000.36	0	0	0	0	0	3002.11	0	Llegada
3002.11	1	0.67663	5.85945	0.481417	9.50328	3007.97	3011.61	Llegada
3007.97	2	0.520345	9.79896	0.226501	19.3051	3017.76	3011.61	Salida
3011.61	1	0	0	0	0	3017.76	3027.27	Llegada
3017.76	2	0.415763	13.1646	0.500384	9.00094	3030.93	3026.77	Salida
3026.77	1	0	0	0	0	3030.93	3027.27	Salida
3027.27	0	0	0	0	0	3030.93	0	Llegada
3030.93	1	0.151929	28.2651	0.580645	7.06701	3059.19	3038	Salida
3038	0	0	0	0	0	3059.19	0	Llegada
3059.19	1	0.0629605	41.4787	0.197836	21.0641	3100.67	3080.26	Salida
3080.26	0	0	0	0	0	3100.67	0	Llegada
3100.67	1	0.509881	10.1037	0.997149	0.0371215	3110.78	3100.71	Salida
3100.71	0	0	0	0	0	3110.78	0	Llegada
3110.78	1	0.576685	8.25688	0.00689414	64.7021	3119.03	3175.48	Llegada
3119.03	2	0.953308	0.717257	0.887599	1.55006	3119.75	3120.58	Llegada
3119.75	3	0.273594	19.4417	0.389814	12.2471	3139.19	3120.58	Salida
3120.58	2	0	0	0	0	3139.19	3132	Salida
3132	1	0	0	0	0	3139.19	3175.48	Llegada
3139.19	2	0.632533	6.87033	0.857463	1.9991	3146.06	3141.19	Salida
3141.19	1	0	0	0	0	3146.06	3175.48	Llegada
3146.06	2	0.982324	0.267511	0.0493772	39.1075	3146.33	3175.48	Llegada
3146.33	3	0.165754	26.9587	0.847337	2.15353	3173.29	3148.48	Salida
3148.48	2	0	0	0	0	3173.29	3175.48	Llegada
3173.29	3	0.42539	12.8212	0.376809	12.6882	3186.11	3175.48	Salida
3175.48	2	0	0	0	0	3186.11	3185.17	Salida
3185.17	1	0	0	0	0	3186.11	3185.98	Salida
3185.98	0	0	0	0	0	3186.11	0	Llegada
3186.11	1	0.949535	0.776736	0.885745	1.57724	3186.89	3187.69	Llegada
3186.89	2	0.606578	7.49882	0.490129	9.27013	3194.39	3187.69	Salida
3187.69	1	0	0	0	0	3194.39	3196.16	Llegada
3194.39	2	0.75745	4.16696	0.283209	16.4004	3198.55	3196.16	Salida
3196.16	1	0	0	0	0	3198.55	3210.79	Llegada
3198.55	2	0.971546	0.433	0.277795	16.6513	3198.99	3210.79	Llegada
3198.99	3	0.50971	10.1087	0.387309	12.3309	3209.09	3210.79	Llegada
3209.09	4	0.778179	3.76199	0.661639	5.36946	3212.86	3210.79	Salida
3210.79	3	0	0	0	0	3212.86	3211.32	Salida
3211.32	2	0	0	0	0	3212.86	3214.46	Llegada
3212.86	3	0.967954	0.488567	0.841139	2.24897	3213.34	3214.46	Llegada
3213.34	4	0.859475	2.2715	0.477835	9.60036	3215.62	3214.46	Salida
3214.46	3	0	0	0	0	3215.62	3215.11	Salida
3215.11	2	0	0	0	0	3215.62	3215.2	Salida
3215.2	1	0	0	0	0	3215.62	3222.95	Llegada
3215.62	2	0.838288	2.64591	0.43616	10.7867	3218.26	3222.95	Llegada
3218.26	3	0.484729	10.8625	0.791596	3.03815	3229.12	3221.3	Salida
3221.3	2	0	0	0	0	3229.12	3222.95	Salida
3222.95	1	0	0	0	0	3229.12	3226.4	Salida
3226.4	0	0	0	0	0	3229.12	0	Llegada
3229.12	1	0.323759	16.9163	0.758323	3.5964	3246.04	3232.72	Salida
3232.72	0	0	0	0	0	3246.04	0	Llegada
3246.04	1	0.18141	25.6049	0.956293	0.580988	3271.65	3246.62	Salida
3246.62	0	0	0	0	0	3271.65	0	Llegada
3271.65	1	0.615786	7.27284	0.163734	23.5237	3278.92	3295.17	Llegada
3278.92	2	0.00566977	77.5891	0.78154	3.20436	3356.51	3282.12	Salida
3282.12	1	0	0	0	0	3356.51	3295.17	Salida
3295.17	0	0	0	0	0	3356.51	0	Llegada
3356.51	1	0.0110714	67.5508	0.43106	10.9396	3424.06	3367.45	Salida
3367.45	0	0	0	0	0	3424.06	0	Llegada
3424.06	1	0.158349	27.6443	0.960607	0.52247	3451.7	3424.58	Salida
3424.58	0	0	0	0	0	3451.7	0	Llegada
3451.7	1	0.316805	17.242	0.764927	3.48367	3468.94	3455.19	Salida
3455.19	0	0	0	0	0	3468.94	0	Llegada
3468.94	1	0.450736	11.9531	0.0742559	33.8031	3480.9	3502.75	Llegada
3480.9	2	0.0481357	45.506	0.422282	11.2071	3526.4	3492.11	Salida
3492.11	1	0	0	0	0	3526.4	3502.75	Salida
3502.75	0	0	0	0	0	3526.4	0	Llegada
3526.4	1	0.352051	15.6597	0.557845	7.58776	3542.06	3533.99	Salida
3533.99	0	0	0	0	0	3542.06	0	Llegada
3542.06	1	0.809591	3.1684	0.13023	26.4999	3545.23	3568.56	Llegada
3545.23	2	0.219484	22.7471	0.777544	3.27099	3567.98	3548.5	Salida
3548.5	1	0	0	0	0	3567.98	3568.56	Llegada
3567.98	2	0.971369	0.435733	0.0789593	33.0047	3568.41	3568.56	Llegada
3568.41	3	0.255379	20.4751	0.809657	2.74488	3588.89	3568.56	Salida
3568.56	2	0	0	0	0	3588.89	3571.16	Salida
3571.16	1	0	0	0	0	3588.89	3600.98	Llegada
3588.89	2	0.51512	9.95034	0.740109	3.91246	3598.84	3592.8	Salida
3592.8	1	0	0	0	0	3598.84	3600.98	Llegada
3598.84	2	0.601253	7.6311	0.838879	2.28396	3606.47	3600.98	Salida
3600.98	1	0	0	0	0	3606.47	3601.12	Salida
3601.12	0	0	0	0	0	3606.47	0	Llegada
3606.47	1	0.498432	10.4443	0.782663	3.18569	3616.92	3609.66	Salida
3609.66	0	0	0	0	0	3616.92	0	Llegada
3616.92	1	0.795171	3.43797	0.114218	28.2055	3620.35	3645.12	Llegada
3620.35	2	0.946397	0.826398	0.800841	2.88721	3621.18	3623.24	Llegada
3621.18	3	0.895758	1.65128	0.957468	0.565013	3622.83	3621.75	Salida
3621.75	2	0	0	0	0	3622.83	3623.24	Llegada
3622.83	3	0.231901	21.9217	0.0541063	37.9185	3644.75	3623.24	Salida
3623.24	2	0	0	0	0	3644.75	3645.12	Llegada
3644.75	3	0.918075	1.28214	0.548707	7.80249	3646.04	3645.12	Salida
3645.12	2	0	0	0	0	3646.04	3652.56	Llegada
3646.04	3	0.819033	2.99446	0.368811	12.9671	3649.03	3652.56	Llegada
3649.03	4	0.622963	7.09903	0.867169	1.85278	3656.13	3650.88	Salida
3650.88	3	0	0	0	0	3656.13	3652.56	Salida
3652.56	2	0	0	0	0	3656.13	3659	Llegada
3656.13	3	0.791093	3.51509	0.975013	0.328952	3659.64	3656.46	Salida
3656.46	2	0	0	0	0	3659.64	3659	Salida
3659	1	0	0	0	0	3659.64	3660.75	Llegada
3659.64	2	0.425014	12.8345	0.600684	6.62592	3672.48	3660.75	Salida
3660.75	1	0	0	0	0	3672.48	3666.27	Salida
3666.27	0	0	0	0	0	3672.48	0	Llegada
3672.48	1	0.105243	33.7722	0.644499	5.71067	3706.25	3678.19	Salida
3678.19	0	0	0	0	0	3706.25	0	Llegada
3706.25	1	0.378228	14.5839	0.0766121	33.397	3720.83	3739.65	Llegada
3720.83	2	0.723458	4.85569	0.633608	5.93223	3725.69	3726.77	Llegada
3725.69	3	0.886269	1.81102	0.238577	18.6298	3727.5	3726.77	Salida
3726.77	2	0	0	0	0	3727.5	3739.65	Llegada
3727.5	3	0.373716	14.7639	0.487522	9.33947	3742.26	3736.84	Salida
3736.84	2	0	0	0	0	3742.26	3739.65	Salida
3739.65	1	0	0	0	0	3742.26	3744.32	Llegada
3742.26	2	0.0774561	38.3707	0.872148	1.77835	3780.64	3744.04	Salida
3744.04	1	0	0	0	0	3780.64	3744.32	Salida
3744.32	0	0	0	0	0	3780.64	0	Llegada
3780.64	1	0.270185	19.6298	0.872627	1.77121	3800.27	3782.41	Salida
3782.41	0	0	0	0	0	3800.27	0	Llegada
3800.27	1	0.986365	0.205926	0.216581	19.8872	3800.47	3820.15	Llegada
3800.47	2	0.673468	5.92971	0.882123	1.63051	3806.4	3802.1	Salida
3802.1	1	0	0	0	0	3806.4	3820.15	Llegada
3806.4	2	0.17405	26.2262	0.90537	1.29236	3832.63	3807.69	Salida
3807.69	1	0	0	0	0	3832.63	3820.15	Salida
3820.15	0	0	0	0	0	3832.63	0	Llegada
3832.63	1	0.936229	0.988423	0.0921252	30.9999	3833.62	3863.63	Llegada
3833.62	2	0.454076	11.8424	0.755263	3.64897	3845.46	3837.26	Salida
3837.26	1	0	0	0	0	3845.46	3863.63	Llegada
3845.46	2	0.460936	11.6174	0.0770387	33.3248	3857.08	3863.63	Llegada
3857.08	3	0.622432	7.11183	0.25203	17.9167	3864.19	3863.63	Salida
3863.63	2	0	0	0	0	3864.19	3874.99	Llegada
3864.19	3	0.0520521	44.3326	0.0474458	39.6262	3908.52	3874.99	Salida
3874.99	2	0	0	0	0	3908.52	3878.78	Salida
3878.78	1	0	0	0	0	3908.52	3903.81	Salida
3903.81	0	0	0	0	0	3908.52	0	Llegada
3908.52	1	0.852714	2.38997	0.157295	24.0452	3910.91	3932.57	Llegada
3910.91	2	0.691944	5.52374	0.230942	19.0527	3916.43	3929.96	Llegada
3916.43	3	0.233907	21.7924	0.415402	11.4206	3938.23	3927.85	Salida
3927.85	2	0	0	0	0	3938.23	3929.96	Salida
3929.96	1	0	0	0	0	3938.23	3932.57	Salida
3932.57	0	0	0	0	0	3938.23	0	Llegada
3938.23	1	0.864549	2.1832	0.120176	27.5443	3940.41	3965.77	Llegada
3940.41	2	0.65398	6.37018	0.238266	18.6468	3946.78	3959.06	Llegada
3946.78	3	0.607698	7.47116	0.731436	4.06569	3954.25	3950.85	Salida
3950.85	2	0	0	0	0	3954.25	3959.06	Llegada
3954.25	3	0.110414	33.0528	0.877883	1.69315	3987.3	3955.94	Salida
3955.94	2	0	0	0	0	3987.3	3959.06	Salida
3959.06	1	0	0	0	0	3987.3	3965.77	Salida
3965.77	0	0	0	0	0	3987.3	0	Llegada
3987.3	1	0.604063	7.56114	0.0967789	30.3592	3994.86	4017.66	Llegada
3994.86	2	0.094464	35.393	0.277532	16.6637	4030.26	4011.53	Salida
4011.53	1	0	0	0	0	4030.26	4017.66	Salida
4017.66	0	0	0	0	0	4030.26	0	Llegada
4030.26	1	0.978902	0.319858	0.268514	17.0931	4030.58	4047.35	Llegada
4030.58	2	0.182901	25.4821	0.915131	1.15294	4056.06	4031.73	Salida
4031.73	1	0	0	0	0	4056.06	4047.35	Salida
4047.35	0	0	0	0	0	4056.06	0	Llegada
4056.06	1	0.360639	15.2982	0.636977	5.86327	4071.36	4061.92	Salida
4061.92	0	0	0	0	0	4071.36	0	Llegada
4071.36	1	0.670394	5.99835	0.821576	2.55491	4077.36	4073.91	Salida
4073.91	0	0	0	0	0	4077.36	0	Llegada
4077.36	1	0.714016	5.05275	0.292825	15.9663	4082.41	4093.32	Llegada
4082.41	2	0.0736053	39.1356	0.766068	3.46429	4121.54	4085.87	Salida
4085.87	1	0	0	0	0	4121.54	4093.32	Salida
4093.32	0	0	0	0	0	4121.54	0	Llegada
4121.54	1	0.340271	16.1702	0.926319	0.994977	4137.71	4122.54	Salida
4122.54	0	0	0	0	0	4137.71	0	Llegada
4137.71	1	0.923364	1.19598	0.0322156	44.659	4138.91	4182.37	Llegada
4138.91	2	0.157261	27.7477	0.157271	24.0472	4166.66	4162.96	Salida
4162.96	1	0	0	0	0	4166.66	4182.37	Llegada
4166.66	2	0.447618	12.0572	0.0218103	49.7299	4178.72	4182.37	Llegada
4178.72	3	0.277447	19.2319	0.101598	29.7275	4197.95	4182.37	Salida
4182.37	2	0	0	0	0	4197.95	4208.44	Llegada
4197.95	3	0.260076	20.2017	0.885145	1.58604	4218.15	4199.53	Salida
4199.53	2	0	0	0	0	4218.15	4208.44	Salida
4208.44	1	0	0	0	0	4218.15	4216.39	Salida
4216.39	0	0	0	0	0	4218.15	0	Llegada
4218.15	1	0.833034	2.74021	0.37049	12.9081	4220.89	4231.06	Llegada
4220.89	2	0.763028	4.05691	0.437097	10.7588	4224.95	4231.06	Llegada
4224.95	3	0.467268	11.4128	0.857492	1.99867	4236.36	4226.94	Salida
4226.94	2	0	0	0	0	4236.36	4231.06	Salida
4231.06	1	0	0	0	0	4236.36	4231.65	Salida
4231.65	0	0	0	0	0	4236.36	0	Llegada
4236.36	1	0.714629	5.03988	0.44617	10.4917	4241.4	4246.85	Llegada
4241.4	2	0.126006	31.0714	0.89753	1.40541	4272.47	4242.8	Salida
4242.8	1	0	0	0	0	4272.47	4246.85	Salida
4246.85	0	0	0	0	0	4272.47	0	Llegada
4272.47	1	0.361301	15.2706	0.486645	9.36287	4287.74	4281.83	Salida
4281.83	0	0	0	0	0	4287.74	0	Llegada
4287.74	1	0.534508	9.39613	0.0316952	44.8707	4297.14	4332.61	Llegada
4297.14	2	0.30822	17.6541	0.248524	18.0988	4314.79	4315.24	Llegada
4314.79	3	0.32452	16.8811	0.381826	12.5163	4331.67	4315.24	Salida
4315.24	2	0	0	0	0	4331.67	4327.31	Salida
4327.31	1	0	0	0	0	4331.67	4332.61	Llegada
4331.67	2	0.0145921	63.4091	0.664792	5.30766	4395.08	4332.61	Salida
4332.61	1	0	0	0	0	4395.08	4336.98	Salida
4336.98	0	0	0	0	0	4395.08	0	Llegada
4395.08	1	0.308145	17.6578	0.937956	0.832684	4412.74	4395.91	Salida
4395.91	0	0	0	0	0	4412.74	0	Llegada
4412.74	1	0.697007	5.41439	0.465405	9.943	4418.15	4422.68	Llegada
4418.15	2	0.0952266	35.2724	0.144625	25.1369	4453.43	4422.68	Salida
4422.68	1	0	0	0	0	4453.43	4443.29	Salida
4443.29	0	0	0	0	0	4453.43	0	Llegada
4453.43	1	0.487216	10.7857	0.372674	12.8317	4464.21	4466.26	Llegada
4464.21	2	0.246223	21.0228	0.747292	3.7869	4485.23	4466.26	Salida
4466.26	1	0	0	0	0	4485.23	4468	Salida
4468	0	0	0	0	0	4485.23	0	Llegada
4485.23	1	0.257819	20.3325	0.0792569	32.9558	4505.57	4518.19	Llegada
4505.57	2	0.117781	32.0839	0.0208471	50.3171	4537.65	4518.19	Salida
4518.19	1	0	0	0	0	4537.65	4555.88	Llegada
4537.65	2	0.516354	9.91443	0.58505	6.96876	4547.57	4544.62	Salida
4544.62	1	0	0	0	0	4547.57	4555.88	Llegada
4547.57	2	0.878339	1.94584	0.230983	19.0503	4549.51	4555.88	Llegada
4549.51	3	0.0312198	52.0005	0.00434466	70.7045	4601.51	4555.88	Salida
4555.88	2	0	0	0	0	4601.51	4566.62	Salida
4566.62	1	0	0	0	0	4601.51	4620.22	Llegada
4601.51	2	0.128514	30.7758	0.392521	12.1571	4632.29	4613.67	Salida
4613.67	1	0	0	0	0	4632.29	4620.22	Salida
4620.22	0	0	0	0	0	4632.29	0	Llegada
4632.29	1	0.490989	10.67	0.663021	5.34232	4642.96	4637.63	Salida
4637.63	0	0	0	0	0	4642.96	0	Llegada
4642.96	1	0.424216	12.8627	0.79921	2.91371	4655.82	4645.87	Salida
4645.87	0	0	0	0	0	4655.82	0	Llegada
4655.82	1	0.911545	1.38921	0.748737	3.76178	4657.21	4659.58	Llegada
4657.21	2	0.181035	25.6359	0.926137	0.997524	4682.85	4658.21	Salida
4658.21	1	0	0	0	0	4682.85	4659.58	Salida
4659.58	0	0	0	0	0	4682.85	0	Llegada
4682.85	1	0.413528	13.2454	0.48918	9.29532	4696.09	4692.14	Salida
4692.14	0	0	0	0	0	4696.09	0	Llegada
4696.09	1	0.864093	2.19112	0.110535	28.6314	4698.28	4724.72	Llegada
4698.28	2	0.954585	0.697174	0.95932	0.539901	4698.98	4698.82	Salida
4698.82	1	0	0	0	0	4698.98	4724.72	Llegada
4698.98	2	0.255161	20.4879	0.441801	10.6196	4719.47	4709.6	Salida
4709.6	1	0	0	0	0	4719.47	4724.72	Llegada
4719.47	2	0.331994	16.5396	0.501384	8.97499	4736.01	4724.72	Salida
4724.72	1	0	0	0	0	4736.01	4728.44	Salida
4728.44	0	0	0	0	0	4736.01	0	Llegada
4736.01	1	0.189093	24.9828	0.589813	6.86335	4760.99	4742.87	Salida
4742.87	0	0	0	0	0	4760.99	0	Llegada
4760.99	1	0.58064	8.15435	0.306874	15.3571	4769.14	4776.35	Llegada
4769.14	2	0.61066	7.39823	0.0969946	30.3303	4776.54	4776.35	Salida
4776.35	1	0	0	0	0	4776.54	4799.47	Llegada
4776.54	2	0.891923	1.71563	0.488999	9.30014	4778.26	4785.84	Llegada
4778.26	3	0.327978	16.7221	0.923143	1.03962	4794.98	4779.3	Salida
4779.3	2	0	0	0	0	4794.98	4785.84	Salida
4785.84	1	0	0	0	0	4794.98	4799.47	Llegada
4794.98	2	0.493343	10.5982	0.456492	10.1944	4805.58	4799.47	Salida
4799.47	1	0	0	0	0	4805.58	4805.17	Salida
4805.17	0	0	0	0	0	4805.58	0	Llegada
4805.58	1	0.315664	17.2961	0.984333	0.205284	4822.87	4805.78	Salida
4805.78	0	0	0	0	0	4822.87	0	Llegada
4822.87	1	0.119513	31.865	0.739881	3.91646	4854.74	4826.79	Salida
4826.79	0	0	0	0	0	4854.74	0	Llegada
4854.74	1	0.783543	3.65895	0.0310582	45.1346	4858.4	4899.87	Llegada
4858.4	2	0.488618	10.7426	0.964578	0.468839	4869.14	4858.87	Salida
4858.87	1	0	0	0	0	4869.14	4899.87	Llegada
4869.14	2	0.957196	0.656212	0.902146	1.33873	4869.8	4870.48	Llegada
4869.8	3	0.453758	11.8529	0.821289	2.55945	4881.65	4870.48	Salida
4870.48	2	0	0	0	0	4881.65	4872.36	Salida
4872.36	1	0	0	0	0	4881.65	4899.87	Llegada
4881.65	2	0.0126815	65.5141	0.408343	11.6434	4947.16	4893.29	Salida
4893.29	1	0	0	0	0	4947.16	4899.87	Salida
4899.87	0	0	0	0	0	4947.16	0	Llegada
4947.16	1	0.780608	3.71522	0.267842	17.1256	4950.88	4964.29	Llegada
4950.88	2	0.850144	2.43524	0.112602	28.3906	4953.31	4964.29	Llegada
4953.31	3	0.769226	3.93556	0.0392368	42.0958	4957.25	4964.29	Llegada
4957.25	4	0.702415	5.29847	0.349866	13.6527	4962.55	4964.29	Llegada
4962.55	5	0.346111	15.915	0	0	4978.46	4964.29	Salida
4964.29	4	0	0	0.313075	15.0971	4978.46	4970.9	Salida
4970.9	3	0	0	0	0	4978.46	4979.27	Llegada
4978.46	4	0.446861	12.0826	0.238034	18.6594	4990.55	4979.27	Salida
4979.27	3	0	0	0	0	4990.55	4979.39	Salida
4979.39	2	0	0	0	0	4990.55	4995.41	Llegada
4990.55	3	0.802073	3.30833	0.774839	3.31631	4993.85	4993.86	Llegada
4993.85	4	0.161177	27.3788	0.295417	15.8518	5021.23	4993.86	Salida
4993.86	3	0	0	0	0	5021.23	4995.41	Salida
4995.41	2	0	0	0	0	5021.23	4997.12	Salida
4997.12	1	0	0	0	0	5021.23	5009.71	Salida
5009.71	0	0	0	0	0	5021.23	0	Llegada
5021.23	1	0.23133	21.9586	0.476841	9.62743	5043.19	5030.86	Salida
5030.86	0	0	0	0	0	5043.19	0	Llegada
5043.19	1	0.27975	19.1079	0.350843	13.6164	5062.3	5056.81	Salida
5056.81	0	0	0	0	0	5062.3	0	Llegada
5062.3	1	0.216722	22.9371	0.0632925	35.8799	5085.24	5098.18	Llegada
5085.24	2	0.381901	14.4389	0.70534	4.53798	5099.68	5089.77	Salida
5089.77	1	0	0	0	0	5099.68	5098.18	Salida
5098.18	0	0	0	0	0	5099.68	0	Llegada
5099.68	1	0.0278705	53.7028	0.339097	14.0591	5153.38	5113.73	Salida
5113.73	0	0	0	0	0	5153.38	0	Llegada
5153.38	1	0.607486	7.47639	0.481628	9.49757	5160.85	5162.88	Llegada
5160.85	2	0.160386	27.4526	0.620168	6.21095	5188.31	5162.88	Salida
5162.88	1	0	0	0	0	5188.31	5167.07	Salida
5167.07	0	0	0	0	0	5188.31	0	Llegada
5188.31	1	0.889972	1.74848	0.940994	0.790638	5190.06	5189.1	Salida
5189.1	0	0	0	0	0	5190.06	0	Llegada
5190.06	1	0.88801	1.78159	0.740116	3.91233	5191.84	5193.97	Llegada
5191.84	2	0.0535962	43.8941	0.657235	5.45627	5235.73	5193.97	Salida
5193.97	1	0	0	0	0	5235.73	5197.29	Salida
5197.29	0	0	0	0	0	5235.73	0	Llegada
5235.73	1	0.779353	3.73937	0.756011	3.63609	5239.47	5239.37	Salida
5239.37	0	0	0	0	0	5239.47	0	Llegada
5239.47	1	0.00710144	74.2119	0.125463	26.9846	5313.68	5266.46	Salida
5266.46	0	0	0	0	0	5313.68	0	Llegada
5313.68	1	0.0690858	40.0861	0.453962	10.2666	5353.77	5323.95	Salida
5323.95	0	0	0	0	0	5353.77	0	Llegada
5353.77	1	0.363497	15.1798	0.871159	1.7931	5368.95	5355.56	Salida
5355.56	0	0	0	0	0	5368.95	0	Llegada
5368.95	1	0.228801	22.1236	0.524674	8.38471	5391.07	5377.33	Salida
5377.33	0	0	0	0	0	5391.07	0	Llegada
5391.07	1	0.166576	26.8845	0.460131	10.0912	5417.96	5401.16	Salida
5401.16	0	0	0	0	0	5417.96	0	Llegada
5417.96	1	0.00151581	97.3771	0.446326	10.4872	5515.33	5428.44	Salida
5428.44	0	0	0	0	0	5515.33	0	Llegada
5515.33	1	0.810974	3.14279	0.218238	19.7882	5518.48	5535.12	Llegada
5518.48	2	0.509618	10.1114	0.192875	21.3942	5528.59	5535.12	Llegada
5528.59	3	0.923578	1.1925	0.537489	8.07101	5529.78	5535.12	Llegada
5529.78	4	0.531972	9.46746	0.531064	8.22734	5539.25	5535.12	Salida
5535.12	3	0	0	0	0	5539.25	5536.66	Salida
5536.66	2	0	0	0	0	5539.25	5538.01	Salida
5538.01	1	0	0	0	0	5539.25	5539.87	Llegada
5539.25	2	0.0191173	59.3574	0.692358	4.77948	5598.61	5539.87	Salida
5539.87	1	0	0	0	0	5598.61	5544.03	Salida
5544.03	0	0	0	0	0	5598.61	0	Llegada
5598.61	1	0.151232	28.3341	0.909089	1.23906	5626.94	5599.84	Salida
5599.84	0	0	0	0	0	5626.94	0	Llegada
5626.94	1	0.633352	6.85093	0.0392413	42.0943	5633.79	5669.03	Llegada
5633.79	2	0.649205	6.4801	0.686948	4.88145	5640.27	5638.67	Salida
5638.67	1	0	0	0	0	5640.27	5669.03	Llegada
5640.27	2	0.696477	5.42582	0.428558	11.0153	5645.7	5651.29	Llegada
5645.7	3	0.44296	12.2142	0.703578	4.57049	5657.91	5650.27	Salida
5650.27	2	0	0	0	0	5657.91	5651.29	Salida
5651.29	1	0	0	0	0	5657.91	5669.03	Llegada
5657.91	2	0.554021	8.85829	0.512045	8.70145	5666.77	5666.61	Salida
5666.61	1	0	0	0	0	5666.77	5669.03	Llegada
5666.77	2	0.15754	27.7211	0.917518	1.11908	5694.49	5667.89	Salida
5667.89	1	0	0	0	0	5694.49	5669.03	Salida
5669.03	0	0	0	0	0	5694.49	0	Llegada
5694.49	1	0.383205	14.3878	0.386341	12.3635	5708.88	5706.85	Salida
5706.85	0	0	0	0	0	5708.88	0	Llegada
5708.88	1	0.442193	12.2401	0.549781	7.77707	5721.12	5716.65	Salida
5716.65	0	0	0	0	0	5721.12	0	Llegada
5721.12	1	0.846472	2.50017	0.443708	10.5636	5723.62	5731.68	Llegada
5723.62	2	0.996107	0.0585146	0.657446	5.4521	5723.68	5729.07	Llegada
5723.68	3	0.661946	6.18856	0.505725	8.86291	5729.87	5729.07	Salida
5729.07	2	0	0	0	0	5729.87	5731.68	Llegada
5729.87	3	0.850321	2.43211	0.585524	6.95821	5732.3	5731.68	Salida
5731.68	2	0	0	0	0	5732.3	5732.54	Llegada
5732.3	3	0.0432139	47.1239	0.382294	12.5004	5779.42	5732.54	Salida
5732.54	2	0	0	0	0	5779.42	5736.82	Salida
5736.82	1	0	0	0	0	5779.42	5744.8	Salida
5744.8	0	0	0	0	0	5779.42	0	Llegada
5779.42	1	0.116589	32.2366	0.0623312	36.0788	5811.66	5815.5	Llegada
5811.66	2	0.0746518	38.9238	0.26782	17.1267	5850.58	5815.5	Salida
5815.5	1	0	0	0	0	5850.58	5828.78	Salida
5828.78	0	0	0	0	0	5850.58	0	Llegada
5850.58	1	0.97142	0.434944	0.708004	4.48897	5851.02	5855.07	Llegada
5851.02	2	0.307062	17.7106	0.620625	6.20137	5868.73	5855.07	Salida
5855.07	1	0	0	0	0	5868.73	5857.22	Salida
5857.22	0	0	0	0	0	5868.73	0	Llegada
5868.73	1	0.394953	13.9348	0.00353819	73.3738	5882.66	5942.1	Llegada
5882.66	2	0.0491826	45.1832	0.837912	2.29895	5927.85	5884.96	Salida
5884.96	1	0	0	0	0	5927.85	5942.1	Llegada
5927.85	2	0.707116	5.1984	0.603204	6.57151	5933.04	5934.42	Llegada
5933.04	3	0.349957	15.7492	0.864657	1.8905	5948.79	5934.42	Salida
5934.42	2	0	0	0	0	5948.79	5934.93	Salida
5934.93	1	0	0	0	0	5948.79	5942.1	Salida
5942.1	0	0	0	0	0	5948.79	0	Llegada
5948.79	1	0.520722	9.78809	0.733162	4.03505	5958.58	5952.83	Salida
5952.83	0	0	0	0	0	5958.58	0	Llegada
5958.58	1	0.250998	20.7347	0.962914	0.491281	5979.32	5959.07	Salida
5959.07	0	0	0	0	0	5979.32	0	Llegada
5979.32	1	0.282943	18.9377	0.0974695	30.2668	5998.25	6009.58	Llegada
5998.25	2	0.406623	13.498	0.279049	16.5928	6011.75	6009.58	Salida
6009.58	1	0	0	0	0	6011.75	6014.85	Llegada
6011.75	2	0.754916	4.21724	0.0685691	34.8389	6015.97	6014.85	Salida
6014.85	1	0	0	0	0	6015.97	6046.59	Llegada
6015.97	2	0.784774	3.63539	0.605237	6.52776	6019.6	6022.5	Llegada
6019.6	3	0.654094	6.36757	0.827988	2.45384	6025.97	6022.06	Salida
6022.06	2	0	0	0	0	6025.97	6022.5	Salida
6022.5	1	0	0	0	0	6025.97	6046.59	Llegada
6025.97	2	0.987531	0.188217	0.770682	3.38623	6026.16	6029.36	Llegada
6026.16	3	0.890319	1.74263	0.0621824	36.1099	6027.9	6029.36	Llegada
6027.9	4	0.0385025	48.8555	0.861739	1.93443	6076.76	6029.36	Salida
6029.36	3	0	0	0	0	6076.76	6029.84	Salida
6029.84	2	0	0	0	0	6076.76	6046.59	Salida
6046.59	1	0	0	0	0	6076.76	6062.27	Salida
6062.27	0	0	0	0	0	6076.76	0	Llegada
6076.76	1	0.770186	3.91684	0.345564	13.8135	6080.67	6090.57	Llegada
6080.67	2	0.482364	10.9358	0.165139	23.4126	6091.61	6090.57	Salida
6090.57	1	0	0	0	0	6091.61	6104.09	Llegada
6091.61	2	0.349102	15.7859	0.531547	8.21553	6107.4	6099.83	Salida
6099.83	1	0	0	0	0	6107.4	6104.09	Salida
6104.09	0	0	0	0	0	6107.4	0	Llegada
6107.4	1	0.00305093	86.8846	0.0562185	37.4206	6194.28	6144.82	Salida
6144.82	0	0	0	0	0	6194.28	0	Llegada
6194.28	1	0.13475	30.065	0.353008	13.5364	6224.35	6207.82	Salida
6207.82	0	0	0	0	0	6224.35	0	Llegada
6224.35	1	0.920875	1.23647	0.655472	5.49119	6225.58	6229.84	Llegada
6225.58	2	0.0861702	36.7715	0.171872	22.893	6262.35	6229.84	Salida
6229.84	1	0	0	0	0	6262.35	6248.48	Salida
6248.48	0	0	0	0	0	6262.35	0	Llegada
6262.35	1	0.618386	7.20963	0.369113	12.9565	6269.56	6275.31	Llegada
6269.56	2	0.269342	19.6766	0.025009	47.9508	6289.24	6275.31	Salida
6275.31	1	0	0	0	0	6289.24	6317.51	Llegada
6289.24	2	0.648162	6.50422	0.0242575	48.3474	6295.74	6317.51	Llegada
6295.74	3	0.0935781	35.5344	0.432936	10.8831	6331.28	6306.63	Salida
6306.63	2	0	0	0	0	6331.28	6317.51	Salida
6317.51	1	0	0	0	0	6331.28	6337.59	Llegada
6331.28	2	0.629494	6.94257	0.747672	3.78029	6338.22	6335.06	Salida
6335.06	1	0	0	0	0	6338.22	6337.59	Salida
6337.59	0	0	0	0	0	6338.22	0	Llegada
6338.22	1	0.260924	20.1529	0.617025	6.27699	6358.37	6344.5	Salida
6344.5	0	0	0	0	0	6358.37	0	Llegada
6358.37	1	0.518354	9.85645	0.151243	24.5552	6368.23	6382.93	Llegada
6368.23	2	0.679207	5.80243	0.556856	7.61082	6374.03	6375.84	Llegada
6374.03	3	0.0129827	65.1621	0.449394	10.3981	6439.2	6375.84	Salida
6375.84	2	0	0	0	0	6439.2	6382.93	Salida
6382.93	1	0	0	0	0	6439.2	6384.43	Salida
6384.43	0	0	0	0	0	6439.2	0	Llegada
6439.2	1	0.90242	1.54012	0.495347	9.13246	6440.74	6448.33	Llegada
6440.74	2	0.614533	7.3034	0.251523	17.9429	6448.04	6448.33	Llegada
6448.04	3	0.0268938	54.2379	0.617584	6.26523	6502.28	6448.33	Salida
6448.33	2	0	0	0	0	6502.28	6454.3	Salida
6454.3	1	0	0	0	0	6502.28	6458.68	Salida
6458.68	0	0	0	0	0	6502.28	0	Llegada
6502.28	1	0.307741	17.6774	0.161644	23.6907	6519.95	6525.97	Llegada
6519.95	2	0.970592	0.447739	0.228616	19.1842	6520.4	6525.97	Llegada
6520.4	3	0.817116	3.02961	0.0567621	37.2955	6523.43	6525.97	Llegada
6523.43	4	0.400489	13.7261	0.435503	10.8063	6537.16	6525.97	Salida
6525.97	3	0	0	0	0	6537.16	6534.24	Salida
6534.24	2	0	0	0	0	6537.16	6539.14	Llegada
6537.16	3	0.425875	12.8041	0.669831	5.2095	6549.96	6539.14	Salida
6539.14	2	0	0	0	0	6549.96	6542.37	Salida
6542.37	1	0	0	0	0	6549.96	6557.7	Llegada
6549.96	2	0.460512	11.6313	0.0740367	33.8415	6561.59	6557.7	Salida
6557.7	1	0	0	0	0	6561.59	6583.8	Llegada
6561.59	2	0.694088	5.47735	0.55409	7.67557	6567.07	6569.27	Llegada
6567.07	3	0.506973	10.1895	0.323583	14.6679	6577.26	6569.27	Salida
6569.27	2	0	0	0	0	6577.26	6581.74	Llegada
6577.26	3	0.301761	17.9718	0.767897	3.4333	6595.23	6580.69	Salida
6580.69	2	0	0	0	0	6595.23	6581.74	Salida
6581.74	1	0	0	0	0	6595.23	6583.8	Salida
6583.8	0	0	0	0	0	6595.23	0	Llegada
6595.23	1	0.940608	0.918439	0.820115	2.57803	6596.15	6597.81	Llegada
6596.15	2	0.91914	1.26475	0.619815	6.21835	6597.41	6597.81	Llegada
6597.41	3	0.376972	14.6338	0.932123	0.913777	6612.05	6597.81	Salida
6597.81	2	0	0	0	0	6612.05	6598.33	Salida
6598.33	1	0	0	0	0	6612.05	6602.37	Salida
6602.37	0	0	0	0	0	6612.05	0	Llegada
6612.05	1	0.0692087	40.0594	0.279392	16.5768	6652.11	6628.63	Salida
6628.63	0	0	0	0	0	6652.11	0	Llegada
6652.11	1	0.42747	12.7481	0.683741	4.94228	6664.86	6657.05	Salida
6657.05	0	0	0	0	0	6664.86	0	Llegada
6664.86	1	0.530915	9.49731	0.454364	10.2551	6674.35	6675.11	Llegada
6674.35	2	0.301325	17.9935	0.838656	2.28741	6692.35	6675.11	Salida
6675.11	1	0	0	0	0	6692.35	6676.64	Salida
6676.64	0	0	0	0	0	6692.35	0	Llegada
6692.35	1	0.616008	7.26743	0.271917	16.9294	6699.61	6709.28	Llegada
6699.61	2	0.067272	40.4852	0.433124	10.8775	6740.1	6709.28	Salida
6709.28	1	0	0	0	0	6740.1	6710.49	Salida
6710.49	0	0	0	0	0	6740.1	0	Llegada
6740.1	1	0.328679	16.6901	0.467761	9.87738	6756.79	6749.98	Salida
6749.98	0	0	0	0	0	6756.79	0	Llegada
6756.79	1	0.868627	2.11262	0.754554	3.66118	6758.9	6760.45	Llegada
6758.9	2	0.137591	29.752	0.329139	14.4466	6788.65	6760.45	Salida
6760.45	1	0	0	0	0	6788.65	6773.35	Salida
6773.35	0	0	0	0	0	6788.65	0	Llegada
6788.65	1	0.82859	2.82044	0.831679	2.39601	6791.47	6791.05	Salida
6791.05	0	0	0	0	0	6791.47	0	Llegada
6791.47	1	0.883228	1.86257	0.335563	14.1953	6793.34	6805.67	Llegada
6793.34	2	0.155262	27.9396	0.18499	21.9369	6821.28	6805.67	Salida
6805.67	1	0	0	0	0	6821.28	6815.27	Salida
6815.27	0	0	0	0	0	6821.28	0	Llegada
6821.28	1	0.10346	34.0285	0.0958693	30.482	6855.31	6851.76	Salida
6851.76	0	0	0	0	0	6855.31	0	Llegada
6855.31	1	0.00510512	79.1627	0.0226005	49.2672	6934.47	6904.57	Salida
6904.57	0	0	0	0	0	6934.47	0	Llegada
6934.47	1	0.715684	5.01774	0.382077	12.5077	6939.49	6946.98	Llegada
6939.49	2	0.954723	0.695004	0.784893	3.1487	6940.18	6942.63	Llegada
6940.18	3	0.661469	6.19938	0.382193	12.5038	6946.38	6942.63	Salida
6942.63	2	0	0	0	0	6946.38	6946.98	Llegada
6946.38	3	0.468634	11.369	0.192384	21.4274	6957.75	6946.98	Salida
6946.98	2	0	0	0	0	6957.75	6952.68	Salida
6952.68	1	0	0	0	0	6957.75	6967.81	Llegada
6957.75	2	0.836557	2.67691	0.769959	3.39843	6960.43	6961.15	Llegada
6960.43	3	0.0310397	52.0873	0.452565	10.3067	7012.51	6961.15	Salida
6961.15	2	0	0	0	0	7012.51	6967.81	Salida
6967.81	1	0	0	0	0	7012.51	6970.73	Salida
6970.73	0	0	0	0	0	7012.51	0	Llegada
7012.51	1	0.0418758	47.5957	0.0983117	30.155	7060.11	7042.67	Salida
7042.67	0	0	0	0	0	7060.11	0	Llegada
7060.11	1	0.885689	1.82084	0.370555	12.9058	7061.93	7073.01	Llegada
7061.93	2	0.566072	8.5355	0.754316	3.66527	7070.47	7065.6	Salida
7065.6	1	0	0	0	0	7070.47	7073.01	Llegada
7070.47	2	0.125108	31.1786	0.703663	4.56892	7101.64	7073.01	Salida
7073.01	1	0	0	0	0	7101.64	7075.03	Salida
7075.03	0	0	0	0	0	7101.64	0	Llegada
7101.64	1	0.0834548	37.2518	0.953699	0.616299	7138.9	7102.26	Salida
7102.26	0	0	0	0	0	7138.9	0	Llegada
7138.9	1	0.535343	9.37273	0.966683	0.440499	7148.27	7139.34	Salida
7139.34	0	0	0	0	0	7148.27	0	Llegada
7148.27	1	0.289262	18.6063	0.690604	4.81245	7166.87	7153.08	Salida
7153.08	0	0	0	0	0	7166.87	0	Llegada
7166.87	1	0.151673	28.2904	0.392722	12.1505	7195.17	7179.03	Salida
7179.03	0	0	0	0	0	7195.17	0	Llegada
7195.17	1	0.786474	3.60294	0.156778	24.088	7198.77	7219.25	Llegada
7198.77	2	0.415322	13.1805	0.502158	8.95493	7211.95	7207.72	Salida
7207.72	1	0	0	0	0	7211.95	7219.25	Llegada
7211.95	2	0.538855	9.27464	0.370046	12.9237	7221.22	7219.25	Salida
7219.25	1	0	0	0	0	7221.22	7224.87	Llegada
7221.22	2	0.287051	18.7214	0.200324	20.9017	7239.94	7224.87	Salida
7224.87	1	0	0	0	0	7239.94	7242.12	Llegada
7239.94	2	0.752239	4.27051	0.755685	3.6417	7244.22	7242.12	Salida
7242.12	1	0	0	0	0	7244.22	7243.59	Salida
7243.59	0	0	0	0	0	7244.22	0	Llegada
7244.22	1	0.392708	14.0203	0.588796	6.88577	7258.24	7251.1	Salida
7251.1	0	0	0	0	0	7258.24	0	Llegada
7258.24	1	0.525644	9.64697	0.423747	11.162	7267.88	7269.4	Llegada
7267.88	2	0.0413614	47.7811	0.56752	7.36424	7315.66	7269.4	Salida
7269.4	1	0	0	0	0	7315.66	7275.25	Salida
7275.25	0	0	0	0	0	7315.66	0	Llegada
7315.66	1	0.522059	9.74961	0.927051	0.984711	7325.41	7316.65	Salida
7316.65	0	0	0	0	0	7325.41	0	Llegada
7325.41	1	0.938074	0.958891	0.0881314	31.576	7326.37	7356.99	Llegada
7326.37	2	0.681367	5.75481	0.0631826	35.9024	7332.13	7356.99	Llegada
7332.13	3	0.791795	3.5018	0.764822	3.48546	7335.63	7335.61	Salida
7335.61	2	0	0	0	0	7335.63	7356.99	Llegada
7335.63	3	0.0168812	61.2233	0.327137	14.5259	7396.85	7350.15	Salida
7350.15	2	0	0	0	0	7396.85	7356.99	Salida
7356.99	1	0	0	0	0	7396.85	7362.27	Salida
7362.27	0	0	0	0	0	7396.85	0	Llegada
7396.85	1	0.731505	4.68977	0.306143	15.3881	7401.54	7412.24	Llegada
7401.54	2	0.0177417	60.4776	0.883178	1.61498	7462.02	7403.16	Salida
7403.16	1	0	0	0	0	7462.02	7412.24	Salida
7412.24	0	0	0	0	0	7462.02	0	Llegada
7462.02	1	0.698865	5.37447	0.804215	2.83255	7467.39	7464.85	Salida
7464.85	0	0	0	0	0	7467.39	0	Llegada
7467.39	1	0.0399556	48.2998	0.114187	28.2089	7515.69	7495.6	Salida
7495.6	0	0	0	0	0	7515.69	0	Llegada
7515.69	1	0.306373	17.7443	0.57881	7.10814	7533.44	7522.8	Salida
7522.8	0	0	0	0	0	7533.44	0	Llegada
7533.44	1	0.484233	10.8778	0.593424	6.784	7544.32	7540.22	Salida
7540.22	0	0	0	0	0	7544.32	0	Llegada
7544.32	1	0.779134	3.74358	0.236472	18.745	7548.06	7563.06	Llegada
7548.06	2	0.349109	15.7856	0.171842	22.8953	7563.84	7563.06	Salida
7563.06	1	0	0	0	0	7563.84	7570.95	Llegada
7563.84	2	0.825269	2.88069	0.874753	1.73959	7566.73	7565.58	Salida
7565.58	1	0	0	0	0	7566.73	7570.95	Llegada
7566.73	2	0.59559	7.77305	0.86663	1.86086	7574.5	7568.59	Salida
7568.59	1	0	0	0	0	7574.5	7570.95	Salida
7570.95	0	0	0	0	0	7574.5	0	Llegada
7574.5	1	0.442272	12.2374	0.117649	27.8207	7586.74	7602.32	Llegada
7586.74	2	0.793681	3.46611	0.380347	12.5667	7590.2	7599.3	Llegada
7590.2	3	0.20578	23.7142	0.475048	9.67642	7613.92	7599.3	Salida
7599.3	2	0	0	0	0	7613.92	7599.88	Salida
7599.88	1	0	0	0	0	7613.92	7602.32	Salida
7602.32	0	0	0	0	0	7613.92	0	Llegada
7613.92	1	0.443529	12.1949	0.997575	0.0315643	7626.11	7613.95	Salida
7613.95	0	0	0	0	0	7626.11	0	Llegada
7626.11	1	0.239869	21.4149	0.460411	10.0833	7647.53	7636.19	Salida
7636.19	0	0	0	0	0	7647.53	0	Llegada
7647.53	1	0.324712	16.8722	0.971374	0.377565	7664.4	7647.9	Salida
7647.9	0	0	0	0	0	7664.4	0	Llegada
7664.4	1	0.766554	3.98776	0.342454	13.931	7668.39	7678.33	Llegada
7668.39	2	0.854552	2.35767	0.465418	9.94264	7670.74	7678.33	Llegada
7670.74	3	0.146669	28.7936	0.894507	1.44927	7699.54	7672.19	Salida
7672.19	2	0	0	0	0	7699.54	7678.33	Salida
7678.33	1	0	0	0	0	7699.54	7678.33	Salida
7678.33	0	0	0	0	0	7699.54	0	Llegada
7699.54	1	0.579606	8.18111	0.453042	10.293	7707.72	7709.83	Llegada
7707.72	2	0.473318	11.2198	0.063839	35.7681	7718.94	7709.83	Salida
7709.83	1	0	0	0	0	7718.94	7743.49	Llegada
7718.94	2	0.0464662	46.0355	0.252452	17.8949	7764.97	7736.83	Salida
7736.83	1	0	0	0	0	7764.97	7743.49	Salida
7743.49	0	0	0	0	0	7764.97	0	Llegada
7764.97	1	0.300311	18.044	0.395575	12.0564	7783.02	7777.03	Salida
7777.03	0	0	0	0	0	7783.02	0	Llegada
7783.02	1	0.424294	12.8599	0.12558	26.9725	7795.88	7809.99	Llegada
7795.88	2	0.270327	19.6218	0.0198839	50.932	7815.5	7809.99	Salida
7809.99	1	0	0	0	0	7815.5	7846.81	Llegada
7815.5	2	0.99221	0.117304	0.7126	4.40486	7815.62	7819.9	Llegada
7815.62	3	0.137533	29.7584	0.785891	3.13218	7845.38	7818.75	Salida
7818.75	2	0	0	0	0	7845.38	7819.9	Salida
7819.9	1	0	0	0	0	7845.38	7846.81	Llegada
7845.38	2	0.0929462	35.636	0.343313	13.8985	7881.01	7846.81	Salida
7846.81	1	0	0	0	0	7881.01	7859.27	Salida
7859.27	0	0	0	0	0	7881.01	0	Llegada
7881.01	1	0.260939	20.152	0.536475	8.09555	7901.16	7889.11	Salida
7889.11	0	0	0	0	0	7901.16	0	Llegada
7901.16	1	0.340888	16.143	0.500808	8.98992	7917.31	7910.15	Salida
7910.15	0	0	0	0	0	7917.31	0	Llegada
7917.31	1	0.996886	0.0467836	0.6656	5.29186	7917.35	7922.6	Llegada
7917.35	2	0.472182	11.2559	0.763439	3.50898	7928.61	7920.86	Salida
7920.86	1	0	0	0	0	7928.61	7922.6	Salida
7922.6	0	0	0	0	0	7928.61	0	Llegada
7928.61	1	0.00805394	72.3239	0.326734	14.5419	8000.93	7943.15	Salida
7943.15	0	0	0	0	0	8000.93	0	Llegada
8000.93	1	0.228858	22.1198	0.154723	24.2595	8023.05	8025.19	Llegada
8023.05	2	0.221242	22.6275	0.808464	2.76405	8045.68	8025.19	Salida
8025.19	1	0	0	0	0	8045.68	8025.82	Salida
8025.82	0	0	0	0	0	8045.68	0	Llegada
8045.68	1	0.607766	7.46949	0.69456	4.73821	8053.15	8050.42	Salida
8050.42	0	0	0	0	0	8053.15	0	Llegada
8053.15	1	0.872303	2.04928	0.654232	5.51582	8055.2	8058.67	Llegada
8055.2	2	0.947012	0.816656	0.172614	22.8371	8056.02	8058.67	Llegada
8056.02	3	0.0498065	44.9941	0.371306	12.8795	8101.01	8058.67	Salida
8058.67	2	0	0	0	0	8101.01	8068.9	Salida
8068.9	1	0	0	0	0	8101.01	8078.04	Salida
8078.04	0	0	0	0	0	8101.01	0	Llegada
8101.01	1	0.298194	18.1502	0.320134	14.8072	8119.16	8115.82	Salida
8115.82	0	0	0	0	0	8119.16	0	Llegada
8119.16	1	0.39119	14.0784	0.290404	16.0743	8133.24	8135.23	Llegada
8133.24	2	0.0327334	51.2904	0.528723	8.28479	8184.53	8135.23	Salida
8135.23	1	0	0	0	0	8184.53	8141.52	Salida
8141.52	0	0	0	0	0	8184.53	0	Llegada
8184.53	1	0.0762954	38.5971	0.12568	26.9623	8223.13	8211.49	Salida
8211.49	0	0	0	0	0	8223.13	0	Llegada
8223.13	1	0.872035	2.05388	0.337234	14.1307	8225.18	8237.26	Llegada
8225.18	2	0.662155	6.18383	0.212923	20.1087	8231.36	8237.26	Llegada
8231.36	3	0.838042	2.6503	0.659041	5.4206	8234.01	8236.78	Llegada
8234.01	4	0.878523	1.9427	0.310225	15.216	8235.96	8236.78	Llegada
8235.96	5	0.42248	12.9242	0	0	8248.88	8236.78	Salida
8236.78	4	0	0	0.886577	1.56503	8248.88	8237.26	Salida
8237.26	3	0	0	0	0	8248.88	8238.35	Salida
8238.35	2	0	0	0	0	8248.88	8245.29	Salida
8245.29	1	0	0	0	0	8248.88	8249.23	Llegada
8248.88	2	0.636959	6.76575	0.651338	5.57344	8255.65	8249.23	Salida
8249.23	1	0	0	0	0	8255.65	8254.45	Salida
8254.45	0	0	0	0	0	8255.65	0	Llegada
8255.65	1	0.0413002	47.8033	0.8582	1.98793	8303.45	8257.63	Salida
8257.63	0	0	0	0	0	8303.45	0	Llegada
8303.45	1	0.459802	11.6544	0.649066	5.61888	8315.1	8309.07	Salida
8309.07	0	0	0	0	0	8315.1	0	Llegada
8315.1	1	0.55276	8.89247	0.332105	14.33	8324	8329.43	Llegada
8324	2	0.303298	17.8956	0.499772	9.01685	8341.89	8329.43	Salida
8329.43	1	0	0	0	0	8341.89	8333.01	Salida
8333.01	0	0	0	0	0	8341.89	0	Llegada
8341.89	1	0.504719	10.2563	0.353104	13.5329	8352.15	8355.43	Llegada
8352.15	2	0.871078	2.07036	0.802913	2.85362	8354.22	8355	Llegada
8354.22	3	0.673238	5.93485	0.262268	17.3991	8360.15	8355	Salida
8355	2	0	0	0	0	8360.15	8355.43	Salida
8355.43	1	0	0	0	0	8360.15	8371.62	Llegada
8360.15	2	0.0933174	35.5762	0.705971	4.52635	8395.73	8364.68	Salida
8364.68	1	0	0	0	0	8395.73	8371.62	Salida
8371.62	0	0	0	0	0	8395.73	0	Llegada
8395.73	1	0.790991	3.51704	0.169613	23.0651	8399.25	8418.8	Llegada
8399.25	2	0.831651	2.76514	0.663026	5.34223	8402.01	8404.59	Llegada
8402.01	3	0.506847	10.1932	0.493806	9.17297	8412.21	8404.59	Salida
8404.59	2	0	0	0	0	8412.21	8411.19	Salida
8411.19	1	0	0	0	0	8412.21	8418.8	Llegada
8412.21	2	0.875949	1.98671	0.344889	13.8389	8414.19	8418.8	Llegada
8414.19	3	0.152847	28.1748	0.754472	3.66258	8442.37	8417.85	Salida
8417.85	2	0	0	0	0	8442.37	8418.8	Salida
8418.8	1	0	0	0	0	8442.37	8426.04	Salida
8426.04	0	0	0	0	0	8442.37	0	Llegada
8442.37	1	0.655114	6.34419	0.575327	7.18661	8448.71	8449.55	Llegada
8448.71	2	0.641049	6.66974	0.292073	15.9998	8455.38	8449.55	Salida
8449.55	1	0	0	0	0	8455.38	8464.71	Llegada
8455.38	2	0.226666	22.2642	0.682349	4.96877	8477.65	8460.35	Salida
8460.35	1	0	0	0	0	8477.65	8464.71	Salida
8464.71	0	0	0	0	0	8477.65	0	Llegada
8477.65	1	0.150273	28.4295	0.686468	4.89055	8506.07	8482.54	Salida
8482.54	0	0	0	0	0	8506.07	0	Llegada
8506.07	1	0.331415	16.5657	0.703034	4.58056	8522.64	8510.66	Salida
8510.66	0	0	0	0	0	8522.64	0	Llegada
8522.64	1	0.0185725	59.7911	0.634713	5.90958	8582.43	8528.55	Salida
8528.55	0	0	0	0	0	8582.43	0	Llegada
8582.43	1	0.202805	23.9326	0.523291	8.41902	8606.36	8590.85	Salida
8590.85	0	0	0	0	0	8606.36	0	Llegada
8606.36	1	0.987817	0.18387	0.0738833	33.8685	8606.55	8640.23	Llegada
8606.55	2	0.326204	16.8035	0.661055	5.38094	8623.35	8611.93	Salida
8611.93	1	0	0	0	0	8623.35	8640.23	Llegada
8623.35	2	0.336151	16.3529	0.419522	11.2923	8639.7	8634.64	Salida
8634.64	1	0	0	0	0	8639.7	8640.23	Llegada
8639.7	2	0.367026	15.0348	0.127142	26.8119	8654.74	8640.23	Salida
8640.23	1	0	0	0	0	8654.74	8666.52	Llegada
8654.74	2	0.589135	7.93651	0.198677	21.009	8662.68	8666.52	Llegada
8662.68	3	0.790168	3.53265	0.0959816	30.4668	8666.21	8666.52	Llegada
8666.21	4	0.692483	5.51208	0.666117	5.28177	8671.72	8666.52	Salida
8666.52	3	0	0	0	0	8671.72	8671.49	Salida
8671.49	2	0	0	0	0	8671.72	8675.75	Llegada
8671.72	3	0.440871	12.285	0.84533	2.18437	8684.01	8673.9	Salida
8673.9	2	0	0	0	0	8684.01	8675.75	Salida
8675.75	1	0	0	0	0	8684.01	8693.14	Llegada
8684.01	2	0.420589	12.9915	0.0959851	30.4663	8697	8693.14	Salida
8693.14	1	0	0	0	0	8697	8714.47	Llegada
8697	2	0.420657	12.9891	0.0616383	36.2241	8709.99	8714.47	Llegada
8709.99	3	0.388058	14.199	0.647323	5.65383	8724.18	8714.47	Salida
8714.47	2	0	0	0	0	8724.18	8715.64	Salida
8715.64	1	0	0	0	0	8724.18	8733.22	Llegada
8724.18	2	0.743988	4.43596	0.538331	8.05065	8728.62	8732.24	Llegada
8728.62	3	0.333791	16.4586	0.0754029	33.6038	8745.08	8732.24	Salida
8732.24	2	0	0	0	0	8745.08	8733.22	Salida
8733.22	1	0	0	0	0	8745.08	8762.22	Llegada
8745.08	2	0.241365	21.3217	0.352363	13.5602	8766.4	8758.64	Salida
8758.64	1	0	0	0	0	8766.4	8762.22	Salida
8762.22	0	0	0	0	0	8766.4	0	Llegada
8766.4	1	0.710116	5.13491	0.44417	10.5501	8771.54	8776.95	Llegada
8771.54	2	0.875654	1.99176	0.697933	4.67523	8773.53	8776.21	Llegada
8773.53	3	0.518054	9.86515	0.201859	20.8024	8783.39	8776.21	Salida
8776.21	2	0	0	0	0	8783.39	8776.95	Salida
8776.95	1	0	0	0	0	8783.39	8794.33	Llegada
8783.39	2	0.358987	15.367	0.854205	2.0486	8798.76	8785.44	Salida
8785.44	1	0	0	0	0	8798.76	8794.33	Salida
8794.33	0	0	0	0	0	8798.76	0	Llegada
8798.76	1	0.621381	7.13717	0.726013	4.16243	8805.9	8802.92	Salida
8802.92	0	0	0	0	0	8805.9	0	Llegada
8805.9	1	0.981347	0.282444	0.210515	20.2566	8806.18	8826.15	Llegada
8806.18	2	0.92469	1.17445	0.771514	3.3722	8807.35	8809.55	Llegada
8807.35	3	0.306497	17.7382	0.617173	6.27388	8825.09	8809.55	Salida
8809.55	2	0	0	0	0	8825.09	8813.63	Salida
8813.63	1	0	0	0	0	8825.09	8826.15	Llegada
8825.09	2	0.437631	12.3957	0.747368	3.78557	8837.49	8826.15	Salida
8826.15	1	0	0	0	0	8837.49	8828.88	Salida
8828.88	0	0	0	0	0	8837.49	0	Llegada
8837.49	1	0.462503	11.5665	0.85822	1.98763	8849.05	8839.48	Salida
8839.48	0	0	0	0	0	8849.05	0	Llegada
8849.05	1	0.843353	2.55555	0.88316	1.61524	8851.61	8850.67	Salida
8850.67	0	0	0	0	0	8851.61	0	Llegada
8851.61	1	0.919859	1.25303	0.231411	19.0263	8852.86	8870.64	Llegada
8852.86	2	0.530483	9.50952	0.663846	5.32616	8862.37	8858.19	Salida
8858.19	1	0	0	0	0	8862.37	8870.64	Llegada
8862.37	2	0.769742	3.92549	0.864273	1.89626	8866.3	8864.27	Salida
8864.27	1	0	0	0	0	8866.3	8870.64	Llegada
8866.3	2	0.739249	4.5318	0.0111073	58.5019	8870.83	8870.64	Salida
8870.64	1	0	0	0	0	8870.83	8924.8	Llegada
8870.83	2	0.216636	22.943	0.449365	10.399	8893.77	8881.23	Salida
8881.23	1	0	0	0	0	8893.77	8924.8	Llegada
8893.77	2	0.455278	11.8027	0.0922908	30.9765	8905.58	8924.75	Llegada
8905.58	3	0.147297	28.7295	0.973331	0.351402	8934.31	8905.93	Salida
8905.93	2	0	0	0	0	8934.31	8924.75	Salida
8924.75	1	0	0	0	0	8934.31	8924.8	Salida
8924.8	0	0	0	0	0	8934.31	0	Llegada
8934.31	1	0.29415	18.355	0.506285	8.84853	8952.66	8943.15	Salida
8943.15	0	0	0	0	0	8952.66	0	Llegada
8952.66	1	0.827536	2.83954	0.91553	1.14728	8955.5	8953.81	Salida
8953.81	0	0	0	0	0	8955.5	0	Llegada
8955.5	1	0.232298	21.896	0.808882	2.75732	8977.4	8958.26	Salida
8958.26	0	0	0	0	0	8977.4	0	Llegada
8977.4	1	0.126045	31.0667	0.156988	24.0706	9008.46	9001.47	Salida
9001.47	0	0	0	0	0	9008.46	0	Llegada
9008.46	1	0.580397	8.16065	0.432542	10.895	9016.62	9019.36	Llegada
9016.62	2	0.774161	3.83963	0.018028	52.2057	9020.46	9019.36	Salida
9019.36	1	0	0	0	0	9020.46	9068.83	Llegada
9020.46	2	0.17991	25.7295	0.236664	18.7345	9046.19	9039.2	Salida
9039.2	1	0	0	0	0	9046.19	9068.83	Llegada
9046.19	2	0.876248	1.98159	0.0232625	48.8918	9048.17	9068.83	Llegada
9048.17	3	0.119823	31.8261	0.796107	2.96428	9080	9051.14	Salida
9051.14	2	0	0	0	0	9080	9068.83	Salida
9068.83	1	0	0	0	0	9080	9095.08	Llegada
9080	2	0.254673	20.5166	0.650306	5.59406	9100.52	9085.59	Salida
9085.59	1	0	0	0	0	9100.52	9095.08	Salida
9095.08	0	0	0	0	0	9100.52	0	Llegada
9100.52	1	0.459953	11.6495	0.0244158	48.2628	9112.17	9148.78	Llegada
9112.17	2	0.514579	9.96609	0.199202	20.9747	9122.13	9133.14	Llegada
9122.13	3	0.0355231	50.0636	0.731215	4.06961	9172.2	9126.2	Salida
9126.2	2	0	0	0	0	9172.2	9133.14	Salida
9133.14	1	0	0	0	0	9172.2	9148.78	Salida
9148.78	0	0	0	0	0	9172.2	0	Llegada
9172.2	1	0.648567	6.49485	0.490801	9.25232	9178.69	9181.45	Llegada
9178.69	2	0.823506	2.91276	0.795864	2.96824	9181.6	9181.45	Salida
9181.45	1	0	0	0	0	9181.6	9181.66	Llegada
9181.6	2	0.464132	11.5138	0.117656	27.8199	9193.12	9181.66	Salida
9181.66	1	0	0	0	0	9193.12	9209.42	Llegada
9193.12	2	0.302149	17.9525	0.291668	16.0178	9211.07	9209.13	Salida
9209.13	1	0	0	0	0	9211.07	9209.42	Salida
9209.42	0	0	0	0	0	9211.07	0	Llegada
9211.07	1	0.0331857	51.0845	0.534447	8.1448	9262.15	9219.21	Salida
9219.21	0	0	0	0	0	9262.15	0	Llegada
9262.15	1	0.10055	34.4565	0.159231	23.8862	9296.61	9286.04	Salida
9286.04	0	0	0	0	0	9296.61	0	Llegada
9296.61	1	0.691435	5.5348	0.680947	4.99552	9302.15	9301.61	Salida
9301.61	0	0	0	0	0	9302.15	0	Llegada
9302.15	1	0.591773	7.86949	0.465596	9.93769	9310.01	9312.08	Llegada
9310.01	2	0.698975	5.3721	0.771682	3.36937	9315.39	9312.08	Salida
9312.08	1	0	0	0	0	9315.39	9313.38	Salida
9313.38	0	0	0	0	0	9315.39	0	Llegada
9315.39	1	0.702259	5.30179	0.575223	7.18896	9320.69	9322.58	Llegada
9320.69	2	0.794945	3.44224	0.822082	2.54689	9324.13	9322.58	Salida
9322.58	1	0	0	0	0	9324.13	9323.24	Salida
9323.24	0	0	0	0	0	9324.13	0	Llegada
9324.13	1	0.37133	14.8599	0.0496183	39.0441	9338.99	9363.18	Llegada
9338.99	2	0.472388	11.2493	0.831283	2.4022	9350.24	9341.39	Salida
9341.39	1	0	0	0	0	9350.24	9363.18	Llegada
9350.24	2	0.0740342	39.0484	0.986967	0.170538	9389.29	9350.41	Salida
9350.41	1	0	0	0	0	9389.29	9363.18	Salida
9363.18	0	0	0	0	0	9389.29	0	Llegada
9389.29	1	0.0304857	52.3575	0.109557	28.747	9441.65	9418.04	Salida
9418.04	0	0	0	0	0	9441.65	0	Llegada
9441.65	1	0.718183	4.96547	0.679053	5.03173	9446.61	9446.68	Llegada
9446.61	2	0.600358	7.65344	0.541689	7.96982	9454.27	9446.68	Salida
9446.68	1	0	0	0	0	9454.27	9454.58	Llegada
9454.27	2	0.474917	11.1692	0.06449	35.6362	9465.43	9454.58	Salida
9454.58	1	0	0	0	0	9465.43	9489.9	Llegada
9465.43	2	0.659345	6.24763	0.777066	3.27899	9471.68	9468.71	Salida
9468.71	1	0	0	0	0	9471.68	9489.9	Llegada
9471.68	2	0.356158	15.4857	0.69253	4.77624	9487.17	9476.46	Salida
9476.46	1	0	0	0	0	9487.17	9489.9	Llegada
9487.17	2	0.311513	17.4947	0.456708	10.1882	9504.66	9489.9	Salida
9489.9	1	0	0	0	0	9504.66	9497.36	Salida
9497.36	0	0	0	0	0	9504.66	0	Llegada
9504.66	1	0.851761	2.40674	0.00294758	75.748	9507.07	9580.41	Llegada
9507.07	2	0.137655	29.745	0.443534	10.5688	9536.81	9517.64	Salida
9517.64	1	0	0	0	0	9536.81	9580.41	Llegada
9536.81	2	0.468543	11.3719	0.83663	2.31885	9548.19	9539.13	Salida
9539.13	1	0	0	0	0	9548.19	9580.41	Llegada
9548.19	2	0.215216	23.0417	0.170802	22.9742	9571.23	9571.16	Salida
9571.16	1	0	0	0	0	9571.23	9580.41	Llegada
9571.23	2	0.411854	13.3063	0.0101612	59.6593	9584.53	9580.41	Salida
9580.41	1	0	0	0	0	9584.53	9630.89	Llegada
9584.53	2	0.992885	0.107114	0.783184	3.17704	9584.64	9587.71	Llegada
9584.64	3	0.0597796	42.2564	0.465273	9.94671	9626.9	9587.71	Salida
9587.71	2	0	0	0	0	9626.9	9594.59	Salida
9594.59	1	0	0	0	0	9626.9	9630.89	Llegada
9626.9	2	0.614468	7.30499	0.133814	26.147	9634.2	9630.89	Salida
9630.89	1	0	0	0	0	9634.2	9653.04	Llegada
9634.2	2	0.45224	11.9031	0.644953	5.70151	9646.11	9639.9	Salida
9639.9	1	0	0	0	0	9646.11	9653.04	Llegada
9646.11	2	0.243371	21.1975	0.170423	23.0031	9667.3	9653.04	Salida
9653.04	1	0	0	0	0	9667.3	9669.11	Llegada
9667.3	2	0.324006	16.9049	0.843729	2.20901	9684.21	9669.11	Salida
9669.11	1	0	0	0	0	9684.21	9669.51	Salida
9669.51	0	0	0	0	0	9684.21	0	Llegada
9684.21	1	0.712112	5.09281	0.798923	2.91838	9689.3	9687.13	Salida
9687.13	0	0	0	0	0	9689.3	0	Llegada
9689.3	1	0.908219	1.44405	0.371456	12.8742	9690.74	9702.18	Llegada
9690.74	2	0.575989	8.27499	0.264377	17.2949	9699.02	9702.18	Llegada
9699.02	3	0.0639866	41.2362	0.887502	1.55148	9740.26	9700.57	Salida
9700.57	2	0	0	0	0	9740.26	9702.18	Salida
9702.18	1	0	0	0	0	9740.26	9708.04	Salida
9708.04	0	0	0	0	0	9740.26	0	Llegada
9740.26	1	0.721085	4.90497	0.915748	1.14419	9745.16	9741.4	Salida
9741.4	0	0	0	0	0	9745.16	0	Llegada
9745.16	1	0.89045	1.74043	0.85874	1.97976	9746.9	9747.14	Llegada
9746.9	2	0.359282	15.3547	0.358993	13.3179	9762.26	9747.14	Salida
9747.14	1	0	0	0	0	9762.26	9760.22	Salida
9760.22	0	0	0	0	0	9762.26	0	Llegada
9762.26	1	0.69537	5.44966	0.574498	7.20536	9767.71	9769.46	Llegada
9767.71	2	0.529795	9.52898	0.107224	29.0268	9777.23	9769.46	Salida
9769.46	1	0	0	0	0	9777.23	9796.73	Llegada
9777.23	2	0.584659	8.05089	0.52268	8.43423	9785.29	9785.67	Llegada
9785.29	3	0.890408	1.74112	0.644439	5.71188	9787.03	9785.67	Salida
9785.67	2	0	0	0	0	9787.03	9791	Llegada
9787.03	3	0.987952	0.181814	0.504876	8.88475	9787.21	9791	Llegada
9787.21	4	0.778252	3.76056	0.440192	10.6671	9790.97	9791	Llegada
9790.97	5	0.149829	28.4739	0	0	9819.44	9791	Salida
9791	4	0	0	0.0216235	49.8417	9819.44	9795.91	Salida
9795.91	3	0	0	0	0	9819.44	9796.73	Salida
9796.73	2	0	0	0	0	9819.44	9797.88	Salida
9797.88	1	0	0	0	0	9819.44	9840.84	Llegada
9819.44	2	0.610615	7.39933	0.473835	9.70964	9826.84	9829.15	Llegada
9826.84	3	0.865353	2.16927	0.322727	14.7023	9829.01	9829.15	Llegada
9829.01	4	0.272758	19.4875	0.773572	3.33758	9848.5	9829.15	Salida
9829.15	3	0	0	0	0	9848.5	9832.35	Salida
9832.35	2	0	0	0	0	9848.5	9840.84	Salida
9840.84	1	0	0	0	0	9848.5	9841.54	Salida
9841.54	0	0	0	0	0	9848.5	0	Llegada
9848.5	1	0.694183	5.47529	0.848748	2.13191	9853.97	9850.63	Salida
9850.63	0	0	0	0	0	9853.97	0	Llegada
9853.97	1	0.0379485	49.0729	0.75817	3.59903	9903.05	9857.57	Salida
9857.57	0	0	0	0	0	9903.05	0	Llegada
9903.05	1	0.73625	4.59279	0.759033	3.58422	9907.64	9906.63	Salida
9906.63	0	0	0	0	0	9907.64	0	Llegada
9907.64	1	0.673917	5.91971	0.626699	6.07475	9913.56	9913.72	Llegada
9913.56	2	0.617774	7.2245	0.0331992	44.268	9920.78	9913.72	Salida
9913.72	1	0	0	0	0	9920.78	9957.83	Llegada
9920.78	2	0.985692	0.216166	0.313144	15.0942	9921	9935.88	Llegada
9921	3	0.607697	7.47118	0.515487	8.61436	9928.47	9929.62	Llegada
9928.47	4	0.420368	12.9994	0.192356	21.4293	9941.47	9929.62	Salida
9929.62	3	0	0	0	0	9941.47	9935.88	Salida
9935.88	2	0	0	0	0	9941.47	9949.9	Llegada
9941.47	3	0.0381668	48.9868	0.310777	15.1928	9990.46	9949.9	Salida
9949.9	2	0	0	0	0	9990.46	9956.66	Salida
9956.66	1	0	0	0	0	9990.46	9957.83	Salida
9957.83	0	0	0	0	0	9990.46	0	Llegada
9990.46	1	0.836795	2.67264	0.026119	47.3862	9993.13	10037.8	Llegada
9993.13	2	0.815653	3.0565	0.615048	6.31872	9996.19	9999.45	Llegada
9996.19	3	0	0	0.965482	0.456659	0	9996.64	Salida
9996.64	2	0	0	0	0	0	9999.45	Salida
9999.45	1	0	0	0	0	0	10037.8	Salida
10037.8	0	0	0	0	0	0	0	Salida
